Traceback (most recent call last):
  File "/home/adi/ManageWorks/backend/manage.py", line 11, in main
    from django.core.management import execute_from_command_line
ModuleNotFoundError: No module named 'django'

The above exception was the direct cause of the following exception:

Traceback (most recent call last):
  File "/home/adi/ManageWorks/backend/manage.py", line 22, in <module>
    main()
  File "/home/adi/ManageWorks/backend/manage.py", line 13, in main
    raise ImportError(
ImportError: Couldn't import Django. Are you sure it's installed and available on your PYTHONPATH environment variable? Did you forget to activate a virtual environment?
Telegram API error: 409 Client Error: Conflict for url: https://api.telegram.org/bot8055776536:AAH9h86kHVw6bf7-GCWl7XcE-SaeuYzEhzU/getUpdates — retrying in 5s
Telegram API error: 409 Client Error: Conflict for url: https://api.telegram.org/bot8055776536:AAH9h86kHVw6bf7-GCWl7XcE-SaeuYzEhzU/getUpdates — retrying in 5s
Telegram API error: 409 Client Error: Conflict for url: https://api.telegram.org/bot8055776536:AAH9h86kHVw6bf7-GCWl7XcE-SaeuYzEhzU/getUpdates — retrying in 5s
Telegram API error: 409 Client Error: Conflict for url: https://api.telegram.org/bot8055776536:AAH9h86kHVw6bf7-GCWl7XcE-SaeuYzEhzU/getUpdates — retrying in 5s
Telegram API error: 409 Client Error: Conflict for url: https://api.telegram.org/bot8055776536:AAH9h86kHVw6bf7-GCWl7XcE-SaeuYzEhzU/getUpdates — retrying in 5s
No bot token configured. Set it in Settings → Telegram Bot.
No bot token configured. Set it in Settings → Telegram Bot.
No bot token configured. Set it in Settings → Telegram Bot.
Traceback (most recent call last):
  File "/home/adi/ManageWorks/backend/venv/lib/python3.12/site-packages/django/db/backends/base/base.py", line 279, in ensure_connection
    self.connect()
  File "/home/adi/ManageWorks/backend/venv/lib/python3.12/site-packages/django/utils/asyncio.py", line 26, in inner
    return func(*args, **kwargs)
           ^^^^^^^^^^^^^^^^^^^^^
  File "/home/adi/ManageWorks/backend/venv/lib/python3.12/site-packages/django/db/backends/base/base.py", line 256, in connect
    self.connection = self.get_new_connection(conn_params)
                      ^^^^^^^^^^^^^^^^^^^^^^^^^^^^^^^^^^^^
  File "/home/adi/ManageWorks/backend/venv/lib/python3.12/site-packages/django/utils/asyncio.py", line 26, in inner
    return func(*args, **kwargs)
           ^^^^^^^^^^^^^^^^^^^^^
  File "/home/adi/ManageWorks/backend/venv/lib/python3.12/site-packages/django/db/backends/postgresql/base.py", line 333, in get_new_connection
    connection = self.Database.connect(**conn_params)
                 ^^^^^^^^^^^^^^^^^^^^^^^^^^^^^^^^^^^^
  File "/home/adi/ManageWorks/backend/venv/lib/python3.12/site-packages/psycopg2/__init__.py", line 122, in connect
    conn = _connect(dsn, connection_factory=connection_factory, **kwasync)
           ^^^^^^^^^^^^^^^^^^^^^^^^^^^^^^^^^^^^^^^^^^^^^^^^^^^^^^^^^^^^^^^
psycopg2.OperationalError: connection to server at "localhost" (127.0.0.1), port 5432 failed: fe_sendauth: no password supplied


The above exception was the direct cause of the following exception:

Traceback (most recent call last):
  File "/home/adi/ManageWorks/backend/manage.py", line 22, in <module>
    main()
  File "/home/adi/ManageWorks/backend/manage.py", line 18, in main
    execute_from_command_line(sys.argv)
  File "/home/adi/ManageWorks/backend/venv/lib/python3.12/site-packages/django/core/management/__init__.py", line 443, in execute_from_command_line
    utility.execute()
  File "/home/adi/ManageWorks/backend/venv/lib/python3.12/site-packages/django/core/management/__init__.py", line 437, in execute
    self.fetch_command(subcommand).run_from_argv(self.argv)
  File "/home/adi/ManageWorks/backend/venv/lib/python3.12/site-packages/django/core/management/base.py", line 420, in run_from_argv
    self.execute(*args, **cmd_options)
  File "/home/adi/ManageWorks/backend/venv/lib/python3.12/site-packages/django/core/management/base.py", line 464, in execute
    output = self.handle(*args, **options)
             ^^^^^^^^^^^^^^^^^^^^^^^^^^^^^
  File "/home/adi/ManageWorks/backend/site_register/management/commands/run_telegram_bot.py", line 1316, in handle
    config = TelegramBotConfig.objects.filter(pk=1).first()
             ^^^^^^^^^^^^^^^^^^^^^^^^^^^^^^^^^^^^^^^^^^^^^^
  File "/home/adi/ManageWorks/backend/venv/lib/python3.12/site-packages/django/db/models/query.py", line 1145, in first
    for obj in queryset[:1]:
  File "/home/adi/ManageWorks/backend/venv/lib/python3.12/site-packages/django/db/models/query.py", line 390, in __iter__
    self._fetch_all()
  File "/home/adi/ManageWorks/backend/venv/lib/python3.12/site-packages/django/db/models/query.py", line 2000, in _fetch_all
    self._result_cache = list(self._iterable_class(self))
                         ^^^^^^^^^^^^^^^^^^^^^^^^^^^^^^^^
  File "/home/adi/ManageWorks/backend/venv/lib/python3.12/site-packages/django/db/models/query.py", line 95, in __iter__
    results = compiler.execute_sql(
              ^^^^^^^^^^^^^^^^^^^^^
  File "/home/adi/ManageWorks/backend/venv/lib/python3.12/site-packages/django/db/models/sql/compiler.py", line 1622, in execute_sql
    cursor = self.connection.cursor()
             ^^^^^^^^^^^^^^^^^^^^^^^^
  File "/home/adi/ManageWorks/backend/venv/lib/python3.12/site-packages/django/utils/asyncio.py", line 26, in inner
    return func(*args, **kwargs)
           ^^^^^^^^^^^^^^^^^^^^^
  File "/home/adi/ManageWorks/backend/venv/lib/python3.12/site-packages/django/db/backends/base/base.py", line 320, in cursor
    return self._cursor()
           ^^^^^^^^^^^^^^
  File "/home/adi/ManageWorks/backend/venv/lib/python3.12/site-packages/django/db/backends/base/base.py", line 296, in _cursor
    self.ensure_connection()
  File "/home/adi/ManageWorks/backend/venv/lib/python3.12/site-packages/django/utils/asyncio.py", line 26, in inner
    return func(*args, **kwargs)
           ^^^^^^^^^^^^^^^^^^^^^
  File "/home/adi/ManageWorks/backend/venv/lib/python3.12/site-packages/django/db/backends/base/base.py", line 278, in ensure_connection
    with self.wrap_database_errors:
  File "/home/adi/ManageWorks/backend/venv/lib/python3.12/site-packages/django/db/utils.py", line 94, in __exit__
    raise dj_exc_value.with_traceback(traceback) from exc_value
  File "/home/adi/ManageWorks/backend/venv/lib/python3.12/site-packages/django/db/backends/base/base.py", line 279, in ensure_connection
    self.connect()
  File "/home/adi/ManageWorks/backend/venv/lib/python3.12/site-packages/django/utils/asyncio.py", line 26, in inner
    return func(*args, **kwargs)
           ^^^^^^^^^^^^^^^^^^^^^
  File "/home/adi/ManageWorks/backend/venv/lib/python3.12/site-packages/django/db/backends/base/base.py", line 256, in connect
    self.connection = self.get_new_connection(conn_params)
                      ^^^^^^^^^^^^^^^^^^^^^^^^^^^^^^^^^^^^
  File "/home/adi/ManageWorks/backend/venv/lib/python3.12/site-packages/django/utils/asyncio.py", line 26, in inner
    return func(*args, **kwargs)
           ^^^^^^^^^^^^^^^^^^^^^
  File "/home/adi/ManageWorks/backend/venv/lib/python3.12/site-packages/django/db/backends/postgresql/base.py", line 333, in get_new_connection
    connection = self.Database.connect(**conn_params)
                 ^^^^^^^^^^^^^^^^^^^^^^^^^^^^^^^^^^^^
  File "/home/adi/ManageWorks/backend/venv/lib/python3.12/site-packages/psycopg2/__init__.py", line 122, in connect
    conn = _connect(dsn, connection_factory=connection_factory, **kwasync)
           ^^^^^^^^^^^^^^^^^^^^^^^^^^^^^^^^^^^^^^^^^^^^^^^^^^^^^^^^^^^^^^^
django.db.utils.OperationalError: connection to server at "localhost" (127.0.0.1), port 5432 failed: fe_sendauth: no password supplied

Telegram API error: 409 Client Error: Conflict for url: https://api.telegram.org/bot8055776536:AAH9h86kHVw6bf7-GCWl7XcE-SaeuYzEhzU/getUpdates — retrying in 65s
