Error: That port is already in use.
Watching for file changes with StatReloader
Watching for file changes with StatReloader
Error: That port is already in use.
Unauthorized: /api/notifications/
[07/Jun/2026 18:49:14] "GET /api/notifications/ HTTP/1.0" 401 27
Unauthorized: /api/notifications/
[07/Jun/2026 18:49:18] "GET /api/notifications/ HTTP/1.0" 401 27
Unauthorized: /api/auth/me/
[07/Jun/2026 18:49:18] "GET /api/auth/me/ HTTP/1.0" 401 23
[07/Jun/2026 18:49:36] "POST /api/auth/login/ HTTP/1.0" 200 232
[07/Jun/2026 18:49:36] "GET /api/notifications/ HTTP/1.0" 200 37
[07/Jun/2026 18:49:36] "GET /api/dashboard/trend/?period=monthly HTTP/1.0" 200 539
[07/Jun/2026 18:49:36] "GET /api/dashboard/ HTTP/1.0" 200 1452
[07/Jun/2026 18:49:38] "GET /api/location-progress/works/ HTTP/1.0" 200 1316
[07/Jun/2026 18:49:38] "GET /api/location-progress/data/ HTTP/1.0" 200 494
[07/Jun/2026 18:50:00] "GET /api/location-progress/data/ HTTP/1.0" 200 494
[07/Jun/2026 18:50:00] "GET /api/location-progress/data/ HTTP/1.0" 200 494
[07/Jun/2026 18:50:01] "GET /api/location-progress/data/ HTTP/1.0" 200 494
[07/Jun/2026 18:50:03] "GET /api/location-progress/data/ HTTP/1.0" 200 494
[07/Jun/2026 18:50:05] "GET /api/location-progress/data/ HTTP/1.0" 200 494
[07/Jun/2026 18:50:06] "GET /api/location-progress/data/ HTTP/1.0" 200 494
[07/Jun/2026 18:50:06] "GET /api/notifications/ HTTP/1.0" 200 37
[07/Jun/2026 18:50:07] "GET /api/location-progress/data/ HTTP/1.0" 200 494
[07/Jun/2026 18:50:11] "GET /api/location-progress/data/ HTTP/1.0" 200 494
[07/Jun/2026 18:50:11] "GET /api/location-progress/data/ HTTP/1.0" 200 494
[07/Jun/2026 18:50:12] "GET /api/location-progress/data/ HTTP/1.0" 200 494
[07/Jun/2026 18:50:13] "GET /api/location-progress/data/ HTTP/1.0" 200 494
[07/Jun/2026 18:50:33] "GET /api/item-progress/works/ HTTP/1.0" 200 1316
[07/Jun/2026 18:50:34] "GET /api/location-progress/data/ HTTP/1.0" 200 494
[07/Jun/2026 18:50:34] "GET /api/location-progress/works/ HTTP/1.0" 200 1316
[07/Jun/2026 18:50:36] "GET /api/notifications/ HTTP/1.0" 200 37
[07/Jun/2026 18:50:50] "GET /api/item-progress/works/ HTTP/1.0" 200 1316
[07/Jun/2026 18:50:53] "GET /api/location-progress/works/ HTTP/1.0" 200 1316
[07/Jun/2026 18:50:53] "GET /api/location-progress/data/ HTTP/1.0" 200 494
[07/Jun/2026 18:50:54] "GET /api/item-progress/works/ HTTP/1.0" 200 1316
[07/Jun/2026 18:51:06] "GET /api/notifications/ HTTP/1.0" 200 37
[07/Jun/2026 18:51:36] "GET /api/notifications/ HTTP/1.0" 200 37
[07/Jun/2026 18:52:06] "GET /api/notifications/ HTTP/1.0" 200 37
[07/Jun/2026 18:52:36] "GET /api/notifications/ HTTP/1.0" 200 37
[07/Jun/2026 18:53:06] "GET /api/notifications/ HTTP/1.0" 200 37
[07/Jun/2026 18:53:36] "GET /api/notifications/ HTTP/1.0" 200 37
[07/Jun/2026 18:54:06] "GET /api/notifications/ HTTP/1.0" 200 37
[07/Jun/2026 18:54:36] "GET /api/notifications/ HTTP/1.0" 200 37
[07/Jun/2026 18:55:06] "GET /api/notifications/ HTTP/1.0" 200 37
[07/Jun/2026 18:55:36] "GET /api/notifications/ HTTP/1.0" 200 37
[07/Jun/2026 18:56:06] "GET /api/notifications/ HTTP/1.0" 200 37
[07/Jun/2026 18:56:36] "GET /api/notifications/ HTTP/1.0" 200 37
[07/Jun/2026 18:57:06] "GET /api/notifications/ HTTP/1.0" 200 37
[07/Jun/2026 18:57:36] "GET /api/notifications/ HTTP/1.0" 200 37
[07/Jun/2026 18:58:06] "GET /api/notifications/ HTTP/1.0" 200 37
[07/Jun/2026 18:58:36] "GET /api/notifications/ HTTP/1.0" 200 37
[07/Jun/2026 18:59:06] "GET /api/notifications/ HTTP/1.0" 200 37
[07/Jun/2026 18:59:36] "GET /api/notifications/ HTTP/1.0" 200 37
[07/Jun/2026 18:59:47] "GET /api/location-progress/works/ HTTP/1.0" 200 1316
[07/Jun/2026 18:59:47] "GET /api/location-progress/data/ HTTP/1.0" 200 494
[07/Jun/2026 18:59:58] "GET /api/location-progress/data/ HTTP/1.0" 200 494
[07/Jun/2026 19:00:05] "GET /api/item-progress/works/ HTTP/1.0" 200 1316
[07/Jun/2026 19:00:06] "GET /api/notifications/ HTTP/1.0" 200 37
[07/Jun/2026 19:00:09] "GET /api/location-progress/works/ HTTP/1.0" 200 1316
[07/Jun/2026 19:00:09] "GET /api/location-progress/data/ HTTP/1.0" 200 494
[07/Jun/2026 19:00:09] "GET /api/item-progress/works/ HTTP/1.0" 200 1316
[07/Jun/2026 19:00:10] "GET /api/location-progress/works/ HTTP/1.0" 200 1316
[07/Jun/2026 19:00:10] "GET /api/location-progress/data/ HTTP/1.0" 200 494
[07/Jun/2026 19:00:11] "GET /api/item-progress/works/ HTTP/1.0" 200 1316
[07/Jun/2026 19:00:11] "GET /api/location-progress/works/ HTTP/1.0" 200 1316
[07/Jun/2026 19:00:11] "GET /api/location-progress/data/ HTTP/1.0" 200 494
[07/Jun/2026 19:00:36] "GET /api/notifications/ HTTP/1.0" 200 37
[07/Jun/2026 19:01:06] "GET /api/notifications/ HTTP/1.0" 200 37
[07/Jun/2026 19:01:36] "GET /api/notifications/ HTTP/1.0" 200 37
[07/Jun/2026 19:01:57] "GET /api/item-progress/works/ HTTP/1.0" 200 1316
[07/Jun/2026 19:02:00] "GET /api/item-progress/search/?work_ids=18 HTTP/1.0" 200 60884
[07/Jun/2026 19:02:06] "GET /api/notifications/ HTTP/1.0" 200 37
[07/Jun/2026 19:02:36] "GET /api/notifications/ HTTP/1.0" 200 37
[07/Jun/2026 19:03:06] "GET /api/notifications/ HTTP/1.0" 200 37
[07/Jun/2026 19:03:36] "GET /api/notifications/ HTTP/1.0" 200 37
[07/Jun/2026 19:04:06] "GET /api/notifications/ HTTP/1.0" 200 37
[07/Jun/2026 19:04:36] "GET /api/notifications/ HTTP/1.0" 200 37
[07/Jun/2026 19:05:06] "GET /api/notifications/ HTTP/1.0" 200 37
[07/Jun/2026 19:05:19] "GET /api/work-details/search/ HTTP/1.0" 200 528541
[07/Jun/2026 19:05:24] "GET /api/item-progress/works/ HTTP/1.0" 200 1316
[07/Jun/2026 19:05:25] "GET /api/location-progress/works/ HTTP/1.0" 200 1316
[07/Jun/2026 19:05:25] "GET /api/location-progress/data/ HTTP/1.0" 200 494
[07/Jun/2026 19:05:36] "GET /api/notifications/ HTTP/1.0" 200 37
[07/Jun/2026 19:06:06] "GET /api/notifications/ HTTP/1.0" 200 37
[07/Jun/2026 19:06:23] "GET /api/item-progress/works/ HTTP/1.0" 200 1316
[07/Jun/2026 19:06:32] "GET /api/item-progress/search/?work_ids=18,19,20,21,22,23,24,25 HTTP/1.0" 200 625873
[07/Jun/2026 19:06:36] "GET /api/notifications/ HTTP/1.0" 200 37
[07/Jun/2026 19:06:37] "GET /api/dashboard/trend/?period=monthly HTTP/1.0" 200 539
[07/Jun/2026 19:06:37] "GET /api/dashboard/ HTTP/1.0" 200 1452
[07/Jun/2026 19:06:41] "GET /api/auth/me/ HTTP/1.0" 200 253
[07/Jun/2026 19:06:41] "GET /api/work-details/search/ HTTP/1.0" 200 528541
[07/Jun/2026 19:07:06] "GET /api/notifications/ HTTP/1.0" 200 37
[07/Jun/2026 19:07:18] "POST /api/add-work/upload/ HTTP/1.0" 201 65
[07/Jun/2026 19:07:21] "GET /api/work-details/search/ HTTP/1.0" 200 619912
[07/Jun/2026 19:07:21] "GET /api/dashboard/trend/?period=monthly HTTP/1.0" 200 535
[07/Jun/2026 19:07:21] "GET /api/dashboard/ HTTP/1.0" 200 1613
[07/Jun/2026 19:07:27] "GET /api/item-progress/works/ HTTP/1.0" 200 1471
[07/Jun/2026 19:07:36] "GET /api/notifications/ HTTP/1.0" 200 37
[07/Jun/2026 19:07:42] "GET /api/location-progress/works/ HTTP/1.0" 200 1471
[07/Jun/2026 19:07:42] "GET /api/location-progress/data/ HTTP/1.0" 200 494
[07/Jun/2026 19:07:43] "GET /api/item-progress/works/ HTTP/1.0" 200 1471
[07/Jun/2026 19:07:55] "GET /api/item-progress/search/?work_ids=25 HTTP/1.0" 200 178325
[07/Jun/2026 19:08:06] "GET /api/notifications/ HTTP/1.0" 200 37
[07/Jun/2026 19:08:36] "GET /api/notifications/ HTTP/1.0" 200 37
[07/Jun/2026 19:09:06] "GET /api/notifications/ HTTP/1.0" 200 37
[07/Jun/2026 19:09:36] "GET /api/notifications/ HTTP/1.0" 200 37
[07/Jun/2026 19:10:06] "GET /api/notifications/ HTTP/1.0" 200 37
[07/Jun/2026 19:10:36] "GET /api/notifications/ HTTP/1.0" 200 37
[07/Jun/2026 19:11:06] "GET /api/notifications/ HTTP/1.0" 200 37
[07/Jun/2026 19:11:36] "GET /api/notifications/ HTTP/1.0" 200 37
[07/Jun/2026 19:11:44] "GET /api/installation-cert/loas/ HTTP/1.0" 200 3954
[07/Jun/2026 19:11:44] "GET /api/installation-cert/certificates/ HTTP/1.0" 200 2
[07/Jun/2026 19:12:06] "GET /api/notifications/ HTTP/1.0" 200 37
[07/Jun/2026 19:12:36] "GET /api/notifications/ HTTP/1.0" 200 37
[07/Jun/2026 19:13:06] "GET /api/notifications/ HTTP/1.0" 200 37
[07/Jun/2026 19:13:36] "GET /api/notifications/ HTTP/1.0" 200 37
[07/Jun/2026 19:14:06] "GET /api/notifications/ HTTP/1.0" 200 37
[07/Jun/2026 19:14:36] "GET /api/notifications/ HTTP/1.0" 200 37
[07/Jun/2026 19:15:06] "GET /api/notifications/ HTTP/1.0" 200 37
[07/Jun/2026 19:15:36] "GET /api/notifications/ HTTP/1.0" 200 37
[07/Jun/2026 19:16:06] "GET /api/notifications/ HTTP/1.0" 200 37
/home/adi/ManageWorks/backend/works/utils.py changed, reloading.
Performing system checks...

System check identified no issues (0 silenced).
June 07, 2026 - 18:49:05
Django version 6.0.4, using settings 'config.settings.dev'
Starting development server at http://127.0.0.1:8000/
Quit the server with CONTROL-C.

WARNING: This is a development server. Do not use it in a production setting. Use a production WSGI or ASGI server instead.
For more information on production servers see: https://docs.djangoproject.com/en/6.0/howto/deployment/
Watching for file changes with StatReloader
/home/adi/ManageWorks/backend/item_progress/views.py changed, reloading.
Performing system checks...

System check identified no issues (0 silenced).
June 07, 2026 - 19:16:12
Django version 6.0.4, using settings 'config.settings.dev'
Starting development server at http://127.0.0.1:8000/
Quit the server with CONTROL-C.

WARNING: This is a development server. Do not use it in a production setting. Use a production WSGI or ASGI server instead.
For more information on production servers see: https://docs.djangoproject.com/en/6.0/howto/deployment/
Watching for file changes with StatReloader
/home/adi/ManageWorks/backend/item_progress/views.py changed, reloading.
Performing system checks...

System check identified no issues (0 silenced).
June 07, 2026 - 19:16:19
Django version 6.0.4, using settings 'config.settings.dev'
Starting development server at http://127.0.0.1:8000/
Quit the server with CONTROL-C.

WARNING: This is a development server. Do not use it in a production setting. Use a production WSGI or ASGI server instead.
For more information on production servers see: https://docs.djangoproject.com/en/6.0/howto/deployment/
Watching for file changes with StatReloader
Error: That port is already in use.
Watching for file changes with StatReloader
Watching for file changes with StatReloader
Error: That port is already in use.
Unauthorized: /api/notifications/
Unauthorized: /api/auth/me/
[07/Jun/2026 19:20:47] "GET /api/notifications/ HTTP/1.0" 401 27
[07/Jun/2026 19:20:47] "GET /api/auth/me/ HTTP/1.0" 401 23
[07/Jun/2026 19:21:11] "POST /api/auth/login/ HTTP/1.0" 200 232
[07/Jun/2026 19:21:11] "GET /api/notifications/ HTTP/1.0" 200 37
[07/Jun/2026 19:21:11] "GET /api/dashboard/trend/?period=monthly HTTP/1.0" 200 535
[07/Jun/2026 19:21:11] "GET /api/dashboard/ HTTP/1.0" 200 1613
[07/Jun/2026 19:21:15] "GET /api/location-progress/works/ HTTP/1.0" 200 1471
[07/Jun/2026 19:21:15] "GET /api/location-progress/data/ HTTP/1.0" 200 763
[07/Jun/2026 19:21:25] "GET /api/location-progress/data/ HTTP/1.0" 200 763
[07/Jun/2026 19:21:41] "GET /api/notifications/ HTTP/1.0" 200 37
[07/Jun/2026 19:22:11] "GET /api/notifications/ HTTP/1.0" 200 37
[07/Jun/2026 19:22:41] "GET /api/notifications/ HTTP/1.0" 200 37
[07/Jun/2026 19:22:58] "POST /api/auth/logout/ HTTP/1.0" 200 25
Unauthorized: /api/auth/login/
[07/Jun/2026 19:23:07] "POST /api/auth/login/ HTTP/1.0" 401 40
Unauthorized: /api/auth/login/
[07/Jun/2026 19:23:12] "POST /api/auth/login/ HTTP/1.0" 401 40
Unauthorized: /api/auth/login/
[07/Jun/2026 19:23:22] "POST /api/auth/login/ HTTP/1.0" 401 40
Unauthorized: /api/auth/login/
[07/Jun/2026 19:24:27] "POST /api/auth/login/ HTTP/1.0" 401 40
[07/Jun/2026 19:25:46] "POST /api/auth/login/ HTTP/1.0" 200 181
[07/Jun/2026 19:25:46] "GET /api/notifications/ HTTP/1.0" 200 37
[07/Jun/2026 19:25:46] "GET /api/dashboard/ HTTP/1.0" 200 1613
[07/Jun/2026 19:25:46] "GET /api/dashboard/trend/?period=monthly HTTP/1.0" 200 535
[07/Jun/2026 19:25:52] "GET /api/location-progress/works/ HTTP/1.0" 200 1471
[07/Jun/2026 19:25:52] "GET /api/location-progress/data/ HTTP/1.0" 200 763
[07/Jun/2026 19:26:02] "GET /api/auth/all/ HTTP/1.0" 200 472
[07/Jun/2026 19:26:02] "GET /api/auth/pending/ HTTP/1.0" 200 2
[07/Jun/2026 19:26:02] "GET /api/auth/works/ HTTP/1.0" 200 4098
[07/Jun/2026 19:26:16] "GET /api/notifications/ HTTP/1.0" 200 37
[07/Jun/2026 19:26:22] "GET /api/dashboard/trend/?period=monthly HTTP/1.0" 200 535
[07/Jun/2026 19:26:22] "GET /api/dashboard/ HTTP/1.0" 200 1613
[07/Jun/2026 19:26:25] "GET /api/work-details/search/ HTTP/1.0" 200 619912
[07/Jun/2026 19:26:27] "GET /api/auth/works/ HTTP/1.0" 200 4098
[07/Jun/2026 19:26:27] "GET /api/auth/pending/ HTTP/1.0" 200 2
[07/Jun/2026 19:26:27] "GET /api/auth/all/ HTTP/1.0" 200 472
[07/Jun/2026 19:26:42] "GET /api/dashboard/trend/?period=monthly HTTP/1.0" 200 535
[07/Jun/2026 19:26:42] "GET /api/dashboard/ HTTP/1.0" 200 1613
[07/Jun/2026 19:26:46] "GET /api/notifications/ HTTP/1.0" 200 37
[07/Jun/2026 19:26:49] "POST /api/auth/logout/ HTTP/1.0" 200 25
[07/Jun/2026 19:27:05] "POST /api/auth/login/ HTTP/1.0" 200 232
[07/Jun/2026 19:27:05] "GET /api/notifications/ HTTP/1.0" 200 37
[07/Jun/2026 19:27:05] "GET /api/dashboard/trend/?period=monthly HTTP/1.0" 200 535
[07/Jun/2026 19:27:05] "GET /api/dashboard/ HTTP/1.0" 200 1613
[07/Jun/2026 19:27:35] "GET /api/notifications/ HTTP/1.0" 200 37
[07/Jun/2026 19:28:06] "GET /api/notifications/ HTTP/1.0" 200 37
[07/Jun/2026 19:28:36] "GET /api/notifications/ HTTP/1.0" 200 37
[07/Jun/2026 19:28:43] "GET /api/location-progress/works/ HTTP/1.0" 200 1471
[07/Jun/2026 19:28:43] "GET /api/location-progress/data/ HTTP/1.0" 200 763
[07/Jun/2026 19:29:00] "GET /api/location-progress/data/ HTTP/1.0" 200 763
[07/Jun/2026 19:29:01] "GET /api/location-progress/data/ HTTP/1.0" 200 763
[07/Jun/2026 19:29:02] "GET /api/location-progress/data/ HTTP/1.0" 200 763
[07/Jun/2026 19:29:05] "GET /api/notifications/ HTTP/1.0" 200 37
[07/Jun/2026 19:29:36] "GET /api/notifications/ HTTP/1.0" 200 37
[07/Jun/2026 19:29:40] "GET /api/notifications/ HTTP/1.0" 200 37
[07/Jun/2026 19:29:40] "GET /api/auth/me/ HTTP/1.0" 200 253
[07/Jun/2026 19:29:40] "GET /api/location-progress/works/ HTTP/1.0" 200 1471
[07/Jun/2026 19:29:40] "GET /api/location-progress/data/ HTTP/1.0" 200 763
[07/Jun/2026 19:29:41] "GET /api/dashboard/trend/?period=monthly HTTP/1.0" 200 535
[07/Jun/2026 19:29:41] "GET /api/dashboard/ HTTP/1.0" 200 1613
[07/Jun/2026 19:29:52] "GET /api/dashboard/?loa_ids=18 HTTP/1.0" 200 1611
[07/Jun/2026 19:29:52] "GET /api/dashboard/trend/?period=monthly&loa_ids=18 HTTP/1.0" 200 2
[07/Jun/2026 19:29:52] "GET /api/dashboard/trend/?period=monthly HTTP/1.0" 200 535
[07/Jun/2026 19:29:52] "GET /api/dashboard/ HTTP/1.0" 200 1613
[07/Jun/2026 19:29:53] "GET /api/dashboard/trend/?period=monthly&loa_ids=18 HTTP/1.0" 200 2
[07/Jun/2026 19:29:53] "GET /api/dashboard/?loa_ids=18 HTTP/1.0" 200 1611
[07/Jun/2026 19:29:54] "GET /api/dashboard/trend/?period=monthly HTTP/1.0" 200 535
[07/Jun/2026 19:29:54] "GET /api/dashboard/ HTTP/1.0" 200 1613
[07/Jun/2026 19:29:55] "GET /api/dashboard/trend/?period=monthly&loa_ids=18 HTTP/1.0" 200 2
[07/Jun/2026 19:29:55] "GET /api/dashboard/?loa_ids=18 HTTP/1.0" 200 1611
[07/Jun/2026 19:29:55] "GET /api/dashboard/trend/?period=monthly&loa_ids=18,19 HTTP/1.0" 200 2
[07/Jun/2026 19:29:55] "GET /api/dashboard/?loa_ids=18,19 HTTP/1.0" 200 1611
[07/Jun/2026 19:29:56] "GET /api/dashboard/trend/?period=monthly&loa_ids=18,19,20 HTTP/1.0" 200 2
[07/Jun/2026 19:29:56] "GET /api/dashboard/?loa_ids=18,19,20 HTTP/1.0" 200 1611
[07/Jun/2026 19:29:56] "GET /api/dashboard/trend/?period=monthly&loa_ids=18,19,20,21 HTTP/1.0" 200 2
[07/Jun/2026 19:29:56] "GET /api/dashboard/?loa_ids=18,19,20,21 HTTP/1.0" 200 1611
[07/Jun/2026 19:29:57] "GET /api/dashboard/trend/?period=monthly&loa_ids=18,19,20,21,22 HTTP/1.0" 200 2
[07/Jun/2026 19:29:57] "GET /api/dashboard/?loa_ids=18,19,20,21,22 HTTP/1.0" 200 1611
[07/Jun/2026 19:29:58] "GET /api/dashboard/trend/?period=monthly&loa_ids=19,20,21,22 HTTP/1.0" 200 2
[07/Jun/2026 19:29:58] "GET /api/dashboard/?loa_ids=19,20,21,22 HTTP/1.0" 200 1611
[07/Jun/2026 19:29:58] "GET /api/dashboard/trend/?period=monthly&loa_ids=20,21,22 HTTP/1.0" 200 2
[07/Jun/2026 19:29:58] "GET /api/dashboard/?loa_ids=20,21,22 HTTP/1.0" 200 1611
[07/Jun/2026 19:29:59] "GET /api/dashboard/trend/?period=monthly&loa_ids=21,22 HTTP/1.0" 200 2
[07/Jun/2026 19:29:59] "GET /api/dashboard/?loa_ids=21,22 HTTP/1.0" 200 1611
[07/Jun/2026 19:29:59] "GET /api/dashboard/?loa_ids=22 HTTP/1.0" 200 1611
[07/Jun/2026 19:29:59] "GET /api/dashboard/trend/?period=monthly&loa_ids=22 HTTP/1.0" 200 2
[07/Jun/2026 19:30:00] "GET /api/dashboard/trend/?period=monthly HTTP/1.0" 200 535
[07/Jun/2026 19:30:00] "GET /api/dashboard/ HTTP/1.0" 200 1613
[07/Jun/2026 19:30:00] "GET /api/dashboard/trend/?period=monthly&loa_ids=18 HTTP/1.0" 200 2
[07/Jun/2026 19:30:00] "GET /api/dashboard/?loa_ids=18 HTTP/1.0" 200 1611
[07/Jun/2026 19:30:01] "GET /api/dashboard/trend/?period=monthly HTTP/1.0" 200 535
[07/Jun/2026 19:30:01] "GET /api/dashboard/ HTTP/1.0" 200 1613
[07/Jun/2026 19:30:02] "GET /api/dashboard/trend/?period=monthly&loa_ids=19 HTTP/1.0" 200 2
[07/Jun/2026 19:30:02] "GET /api/dashboard/?loa_ids=19 HTTP/1.0" 200 1611
[07/Jun/2026 19:30:02] "GET /api/dashboard/trend/?period=monthly HTTP/1.0" 200 535
[07/Jun/2026 19:30:03] "GET /api/dashboard/ HTTP/1.0" 200 1613
[07/Jun/2026 19:30:03] "GET /api/dashboard/trend/?period=monthly&loa_ids=20 HTTP/1.0" 200 2
[07/Jun/2026 19:30:03] "GET /api/dashboard/?loa_ids=20 HTTP/1.0" 200 1611
[07/Jun/2026 19:30:04] "GET /api/dashboard/ HTTP/1.0" 200 1613
[07/Jun/2026 19:30:04] "GET /api/dashboard/trend/?period=monthly HTTP/1.0" 200 535
[07/Jun/2026 19:30:04] "GET /api/dashboard/trend/?period=monthly&loa_ids=21 HTTP/1.0" 200 2
[07/Jun/2026 19:30:04] "GET /api/dashboard/?loa_ids=21 HTTP/1.0" 200 1611
[07/Jun/2026 19:30:05] "GET /api/dashboard/trend/?period=monthly HTTP/1.0" 200 535
[07/Jun/2026 19:30:05] "GET /api/dashboard/ HTTP/1.0" 200 1613
[07/Jun/2026 19:30:07] "GET /api/work-details/search/ HTTP/1.0" 200 619912
[07/Jun/2026 19:30:10] "GET /api/notifications/ HTTP/1.0" 200 37
[07/Jun/2026 19:30:10] "GET /api/item-progress/works/ HTTP/1.0" 200 1471
[07/Jun/2026 19:30:12] "GET /api/location-progress/works/ HTTP/1.0" 200 1471
[07/Jun/2026 19:30:12] "GET /api/location-progress/data/ HTTP/1.0" 200 763
[07/Jun/2026 19:30:40] "GET /api/notifications/ HTTP/1.0" 200 37
[07/Jun/2026 19:31:10] "GET /api/notifications/ HTTP/1.0" 200 37
[07/Jun/2026 19:31:40] "GET /api/notifications/ HTTP/1.0" 200 37
[07/Jun/2026 19:32:10] "GET /api/notifications/ HTTP/1.0" 200 37
[07/Jun/2026 19:32:40] "GET /api/notifications/ HTTP/1.0" 200 37
[07/Jun/2026 19:33:10] "GET /api/notifications/ HTTP/1.0" 200 37
[07/Jun/2026 19:33:40] "GET /api/notifications/ HTTP/1.0" 200 37
[07/Jun/2026 19:34:10] "GET /api/notifications/ HTTP/1.0" 200 37
[07/Jun/2026 19:34:40] "GET /api/notifications/ HTTP/1.0" 200 37
[07/Jun/2026 19:35:10] "GET /api/notifications/ HTTP/1.0" 200 37
[07/Jun/2026 19:35:40] "GET /api/notifications/ HTTP/1.0" 200 37
[07/Jun/2026 19:36:10] "GET /api/notifications/ HTTP/1.0" 200 37
[07/Jun/2026 19:36:40] "GET /api/notifications/ HTTP/1.0" 200 37
[07/Jun/2026 19:37:10] "GET /api/notifications/ HTTP/1.0" 200 37
[07/Jun/2026 19:37:40] "GET /api/notifications/ HTTP/1.0" 200 37
[07/Jun/2026 19:38:10] "GET /api/notifications/ HTTP/1.0" 200 37
[07/Jun/2026 19:38:40] "GET /api/notifications/ HTTP/1.0" 200 37
[07/Jun/2026 19:39:10] "GET /api/notifications/ HTTP/1.0" 200 37
[07/Jun/2026 19:39:40] "GET /api/notifications/ HTTP/1.0" 200 37
[07/Jun/2026 19:40:10] "GET /api/notifications/ HTTP/1.0" 200 37
[07/Jun/2026 19:40:13] "GET /api/work-details/search/ HTTP/1.0" 200 619912
[07/Jun/2026 19:40:15] "GET /api/item-progress/works/ HTTP/1.0" 200 1471
[07/Jun/2026 19:40:19] "GET /api/item-progress/search/?work_ids=18 HTTP/1.0" 200 60884
[07/Jun/2026 19:40:22] "GET /api/item-progress/search/?work_ids=18,19,20,21,22,23,24,25,26 HTTP/1.0" 200 736234
[07/Jun/2026 19:40:30] "GET /api/location-progress/works/ HTTP/1.0" 200 1471
[07/Jun/2026 19:40:30] "GET /api/location-progress/data/ HTTP/1.0" 200 763
[07/Jun/2026 19:40:34] "GET /api/auth/me/ HTTP/1.0" 200 253
[07/Jun/2026 19:40:34] "GET /api/work-details/search/ HTTP/1.0" 200 619912
[07/Jun/2026 19:40:40] "GET /api/notifications/ HTTP/1.0" 200 37
[07/Jun/2026 19:40:40] "GET /api/site-register/ HTTP/1.0" 200 231709
[07/Jun/2026 19:40:46] "GET /api/mb-details/works/?q= HTTP/1.0" 200 4192
[07/Jun/2026 19:40:46] "GET /api/mb-details/records/ HTTP/1.0" 200 16201
[07/Jun/2026 19:40:46] "GET /api/mb-details/summary/ HTTP/1.0" 200 214
[07/Jun/2026 19:40:48] "GET /api/notifications/ HTTP/1.0" 200 37
[07/Jun/2026 19:40:51] "GET /api/installation-cert/certificates/ HTTP/1.0" 200 2
[07/Jun/2026 19:40:51] "GET /api/installation-cert/loas/ HTTP/1.0" 200 3954
[07/Jun/2026 19:40:53] "GET /api/notifications/ HTTP/1.0" 200 37
[07/Jun/2026 19:40:56] "GET /api/installation-cert/certificates/ HTTP/1.0" 200 2
[07/Jun/2026 19:40:56] "GET /api/installation-cert/loas/ HTTP/1.0" 200 3954
[07/Jun/2026 19:41:10] "GET /api/notifications/ HTTP/1.0" 200 37
[07/Jun/2026 19:41:40] "GET /api/notifications/ HTTP/1.0" 200 37
[07/Jun/2026 19:41:40] "GET /api/installation-cert/items/?loa_id=21 HTTP/1.0" 200 6651
[07/Jun/2026 19:41:40] "GET /api/installation-cert/suggest-number/?loa_id=21 HTTP/1.0" 200 38
[07/Jun/2026 19:41:48] "GET /api/installation-cert/entries/?loa_id=21&date_from=2026-06-08&date_to=2026-06-08 HTTP/1.0" 200 2
[07/Jun/2026 19:41:49] "GET /api/installation-cert/entries/?loa_id=21&date_from=2026-06-08&date_to=2026-06-08 HTTP/1.0" 200 2
[07/Jun/2026 19:41:49] "GET /api/installation-cert/entries/?loa_id=21&date_from=2026-06-08&date_to=2026-06-08 HTTP/1.0" 200 2
[07/Jun/2026 19:41:50] "GET /api/installation-cert/entries/?loa_id=21&date_from=2026-06-08&date_to=2026-06-08 HTTP/1.0" 200 2
[07/Jun/2026 19:42:10] "GET /api/notifications/ HTTP/1.0" 200 37
[07/Jun/2026 19:42:18] "GET /api/mb-details/works/?q= HTTP/1.0" 200 4192
[07/Jun/2026 19:42:18] "GET /api/mb-details/summary/ HTTP/1.0" 200 214
[07/Jun/2026 19:42:18] "GET /api/mb-details/records/ HTTP/1.0" 200 16201
[07/Jun/2026 19:42:23] "GET /api/site-register/ HTTP/1.0" 200 231709
[07/Jun/2026 19:42:30] "GET /api/auth/me/ HTTP/1.0" 200 253
[07/Jun/2026 19:42:31] "GET /api/work-details/search/ HTTP/1.0" 200 619912
[07/Jun/2026 19:42:32] "GET /api/work-details/22/ HTTP/1.0" 200 60026
[07/Jun/2026 19:42:40] "GET /api/notifications/ HTTP/1.0" 200 37
[07/Jun/2026 19:42:43] "PATCH /api/update-work/works/22/ HTTP/1.0" 200 655
[07/Jun/2026 19:42:47] "GET /api/notifications/ HTTP/1.0" 200 37
[07/Jun/2026 19:42:47] "GET /api/auth/me/ HTTP/1.0" 200 253
[07/Jun/2026 19:42:47] "GET /api/auth/me/ HTTP/1.0" 200 253
[07/Jun/2026 19:42:47] "GET /api/work-details/search/ HTTP/1.0" 200 619902
[07/Jun/2026 19:42:50] "GET /api/work-details/23/ HTTP/1.0" 200 61033
[07/Jun/2026 19:42:59] "GET /api/site-register/ HTTP/1.0" 200 231699
[07/Jun/2026 19:43:14] "GET /api/notifications/ HTTP/1.0" 200 37
[07/Jun/2026 19:43:14] "GET /api/auth/me/ HTTP/1.0" 200 253
[07/Jun/2026 19:43:15] "GET /api/site-register/ HTTP/1.0" 200 231699
[07/Jun/2026 19:43:20] "GET /api/location-progress/works/ HTTP/1.0" 200 1461
[07/Jun/2026 19:43:22] "GET /api/location-progress/data/ HTTP/1.0" 200 763
[07/Jun/2026 19:43:45] "GET /api/notifications/ HTTP/1.0" 200 37
[07/Jun/2026 19:44:14] "GET /api/notifications/ HTTP/1.0" 200 37
[07/Jun/2026 19:44:38] "GET /api/auth/me/ HTTP/1.0" 200 253
[07/Jun/2026 19:44:38] "GET /api/work-details/search/ HTTP/1.0" 200 619902
[07/Jun/2026 19:44:40] "GET /api/work-details/18/ HTTP/1.0" 200 51444
[07/Jun/2026 19:44:44] "GET /api/notifications/ HTTP/1.0" 200 37
[07/Jun/2026 19:45:07] "POST /api/update-work/items/2063/entries/ HTTP/1.0" 201 990
[07/Jun/2026 19:45:14] "GET /api/notifications/ HTTP/1.0" 200 443
[07/Jun/2026 19:45:19] "POST /api/update-work/items/2063/entries/ HTTP/1.0" 201 971
[07/Jun/2026 19:45:35] "POST /api/update-work/items/2063/entries/ HTTP/1.0" 201 977
[07/Jun/2026 19:45:44] "GET /api/notifications/ HTTP/1.0" 200 1257
[07/Jun/2026 19:45:45] "GET /api/location-progress/works/ HTTP/1.0" 200 1461
[07/Jun/2026 19:45:48] "GET /api/location-progress/data/ HTTP/1.0" 200 2005
[07/Jun/2026 19:46:14] "GET /api/notifications/ HTTP/1.0" 200 1257
[07/Jun/2026 19:46:28] "GET /api/auth/me/ HTTP/1.0" 200 253
[07/Jun/2026 19:46:28] "GET /api/work-details/search/ HTTP/1.0" 200 622844
[07/Jun/2026 19:46:30] "GET /api/work-details/18/ HTTP/1.0" 200 54386
[07/Jun/2026 19:46:44] "GET /api/notifications/ HTTP/1.0" 200 1257
[07/Jun/2026 19:46:47] "POST /api/update-work/items/2063/entries/ HTTP/1.0" 201 980
[07/Jun/2026 19:47:05] "POST /api/update-work/items/2063/entries/ HTTP/1.0" 201 977
[07/Jun/2026 19:47:14] "GET /api/notifications/ HTTP/1.0" 200 2072
[07/Jun/2026 19:47:44] "GET /api/notifications/ HTTP/1.0" 200 2072
[07/Jun/2026 19:48:12] "GET /api/notifications/ HTTP/1.0" 200 2072
[07/Jun/2026 19:48:14] "POST /api/notifications/10/read/ HTTP/1.0" 200 11
[07/Jun/2026 19:48:14] "GET /api/item-progress/works/ HTTP/1.0" 200 1461
[07/Jun/2026 19:48:14] "GET /api/notifications/ HTTP/1.0" 200 2071
[07/Jun/2026 19:48:16] "GET /api/notifications/ HTTP/1.0" 200 2071
[07/Jun/2026 19:48:17] "POST /api/notifications/8/read/ HTTP/1.0" 200 11
[07/Jun/2026 19:48:17] "GET /api/item-progress/works/ HTTP/1.0" 200 1461
[07/Jun/2026 19:48:18] "GET /api/notifications/ HTTP/1.0" 200 2070
[07/Jun/2026 19:48:19] "GET /api/item-progress/works/ HTTP/1.0" 200 1461
[07/Jun/2026 19:48:20] "GET /api/notifications/ HTTP/1.0" 200 2070
[07/Jun/2026 19:48:23] "POST /api/notifications/ HTTP/1.0" 200 11
[07/Jun/2026 19:48:28] "GET /api/dashboard/ HTTP/1.0" 200 1603
[07/Jun/2026 19:48:28] "GET /api/dashboard/trend/?period=monthly HTTP/1.0" 200 602
[07/Jun/2026 19:48:31] "GET /api/notifications/ HTTP/1.0" 200 2067
[07/Jun/2026 19:48:38] "GET /api/mb-details/works/?q= HTTP/1.0" 200 4182
[07/Jun/2026 19:48:38] "GET /api/mb-details/records/ HTTP/1.0" 200 16201
[07/Jun/2026 19:48:38] "GET /api/mb-details/summary/ HTTP/1.0" 200 214
[07/Jun/2026 19:48:39] "GET /api/site-register/ HTTP/1.0" 200 231699
[07/Jun/2026 19:48:40] "GET /api/auth/me/ HTTP/1.0" 200 253
[07/Jun/2026 19:48:40] "GET /api/work-details/search/ HTTP/1.0" 200 624803
[07/Jun/2026 19:48:40] "GET /api/location-progress/works/ HTTP/1.0" 200 1461
[07/Jun/2026 19:48:41] "GET /api/item-progress/works/ HTTP/1.0" 200 1461
[07/Jun/2026 19:48:41] "GET /api/work-details/search/ HTTP/1.0" 200 624803
[07/Jun/2026 19:48:43] "GET /api/dashboard/trend/?period=monthly HTTP/1.0" 200 602
[07/Jun/2026 19:48:43] "GET /api/dashboard/ HTTP/1.0" 200 1603
[07/Jun/2026 19:48:44] "GET /api/notifications/ HTTP/1.0" 200 2067
[07/Jun/2026 19:48:51] "GET /api/dashboard/trend/?period=monthly&loa_ids=18 HTTP/1.0" 200 68
[07/Jun/2026 19:48:51] "GET /api/dashboard/?loa_ids=18 HTTP/1.0" 200 1602
[07/Jun/2026 19:48:53] "GET /api/dashboard/trend/?period=monthly HTTP/1.0" 200 602
[07/Jun/2026 19:48:53] "GET /api/dashboard/ HTTP/1.0" 200 1603
[07/Jun/2026 19:49:00] "GET /api/item-progress/works/ HTTP/1.0" 200 1461
[07/Jun/2026 19:49:01] "GET /api/work-details/search/ HTTP/1.0" 200 624803
[07/Jun/2026 19:49:01] "GET /api/dashboard/trend/?period=monthly HTTP/1.0" 200 602
[07/Jun/2026 19:49:01] "GET /api/dashboard/ HTTP/1.0" 200 1603
[07/Jun/2026 19:49:03] "GET /api/work-details/search/ HTTP/1.0" 200 624803
[07/Jun/2026 19:49:03] "GET /api/item-progress/works/ HTTP/1.0" 200 1461
[07/Jun/2026 19:49:03] "GET /api/location-progress/works/ HTTP/1.0" 200 1461
[07/Jun/2026 19:49:04] "GET /api/auth/me/ HTTP/1.0" 200 253
[07/Jun/2026 19:49:04] "GET /api/work-details/search/ HTTP/1.0" 200 624803
[07/Jun/2026 19:49:05] "GET /api/site-register/ HTTP/1.0" 200 231699
[07/Jun/2026 19:49:06] "GET /api/mb-details/works/?q= HTTP/1.0" 200 4182
[07/Jun/2026 19:49:06] "GET /api/mb-details/summary/ HTTP/1.0" 200 214
[07/Jun/2026 19:49:06] "GET /api/mb-details/records/ HTTP/1.0" 200 16201
[07/Jun/2026 19:49:06] "GET /api/notifications/ HTTP/1.0" 200 2067
[07/Jun/2026 19:49:08] "GET /api/installation-cert/certificates/ HTTP/1.0" 200 2
[07/Jun/2026 19:49:08] "GET /api/installation-cert/loas/ HTTP/1.0" 200 3945
Unauthorized: /api/notifications/
Unauthorized: /api/auth/me/
[08/Jun/2026 05:17:09] "GET /api/auth/me/ HTTP/1.0" 401 23
[08/Jun/2026 05:17:09] "GET /api/notifications/ HTTP/1.0" 401 27
[08/Jun/2026 05:17:34] "POST /api/auth/login/ HTTP/1.0" 200 232
[08/Jun/2026 05:17:34] "GET /api/notifications/ HTTP/1.0" 200 2067
[08/Jun/2026 05:17:34] "GET /api/dashboard/trend/?period=monthly HTTP/1.0" 200 602
[08/Jun/2026 05:17:34] "GET /api/dashboard/ HTTP/1.0" 200 1603
[08/Jun/2026 05:17:42] "GET /api/work-details/search/ HTTP/1.0" 200 624803
[08/Jun/2026 05:17:49] "GET /api/item-progress/works/ HTTP/1.0" 200 1461
[08/Jun/2026 05:17:51] "GET /api/location-progress/works/ HTTP/1.0" 200 1461
[08/Jun/2026 05:17:52] "GET /api/auth/me/ HTTP/1.0" 200 253
[08/Jun/2026 05:17:52] "GET /api/work-details/search/ HTTP/1.0" 200 624803
[08/Jun/2026 05:18:04] "GET /api/notifications/ HTTP/1.0" 200 2067
[08/Jun/2026 05:18:34] "GET /api/notifications/ HTTP/1.0" 200 2067
[08/Jun/2026 05:19:04] "GET /api/notifications/ HTTP/1.0" 200 2067
[08/Jun/2026 05:19:34] "GET /api/notifications/ HTTP/1.0" 200 2067
[08/Jun/2026 05:20:04] "GET /api/notifications/ HTTP/1.0" 200 2067
[08/Jun/2026 05:20:34] "GET /api/notifications/ HTTP/1.0" 200 2067
[08/Jun/2026 05:21:04] "GET /api/notifications/ HTTP/1.0" 200 2067
[08/Jun/2026 05:21:34] "GET /api/notifications/ HTTP/1.0" 200 2067
[08/Jun/2026 05:22:04] "GET /api/notifications/ HTTP/1.0" 200 2067
[08/Jun/2026 05:22:34] "GET /api/notifications/ HTTP/1.0" 200 2067
[08/Jun/2026 05:23:04] "GET /api/notifications/ HTTP/1.0" 200 2067
[08/Jun/2026 05:23:34] "GET /api/notifications/ HTTP/1.0" 200 2067
[08/Jun/2026 05:24:04] "GET /api/notifications/ HTTP/1.0" 200 2067
[08/Jun/2026 05:24:34] "GET /api/notifications/ HTTP/1.0" 200 2067
[08/Jun/2026 05:25:04] "GET /api/notifications/ HTTP/1.0" 200 2067
[08/Jun/2026 05:25:34] "GET /api/notifications/ HTTP/1.0" 200 2067
[08/Jun/2026 05:26:04] "GET /api/notifications/ HTTP/1.0" 200 2067
[08/Jun/2026 05:26:34] "GET /api/notifications/ HTTP/1.0" 200 2067
[08/Jun/2026 05:27:04] "GET /api/notifications/ HTTP/1.0" 200 2067
[08/Jun/2026 05:27:34] "GET /api/notifications/ HTTP/1.0" 200 2067
[08/Jun/2026 05:28:04] "GET /api/notifications/ HTTP/1.0" 200 2067
[08/Jun/2026 05:28:34] "GET /api/notifications/ HTTP/1.0" 200 2067
[08/Jun/2026 05:29:04] "GET /api/notifications/ HTTP/1.0" 200 2067
[08/Jun/2026 05:29:34] "GET /api/notifications/ HTTP/1.0" 200 2067
[08/Jun/2026 05:30:04] "GET /api/notifications/ HTTP/1.0" 200 2067
[08/Jun/2026 05:30:34] "GET /api/notifications/ HTTP/1.0" 200 2067
[08/Jun/2026 05:31:04] "GET /api/notifications/ HTTP/1.0" 200 2067
[08/Jun/2026 05:31:34] "GET /api/notifications/ HTTP/1.0" 200 2067
[08/Jun/2026 05:32:04] "GET /api/notifications/ HTTP/1.0" 200 2067
[08/Jun/2026 05:32:34] "GET /api/notifications/ HTTP/1.0" 200 2067
[08/Jun/2026 05:33:04] "GET /api/notifications/ HTTP/1.0" 200 2067
[08/Jun/2026 05:33:34] "GET /api/notifications/ HTTP/1.0" 200 2067
[08/Jun/2026 05:34:04] "GET /api/notifications/ HTTP/1.0" 200 2067
[08/Jun/2026 05:34:34] "GET /api/notifications/ HTTP/1.0" 200 2067
[08/Jun/2026 05:35:04] "GET /api/notifications/ HTTP/1.0" 200 2067
[08/Jun/2026 05:35:34] "GET /api/notifications/ HTTP/1.0" 200 2067
[08/Jun/2026 05:36:04] "GET /api/notifications/ HTTP/1.0" 200 2067
[08/Jun/2026 05:36:34] "GET /api/notifications/ HTTP/1.0" 200 2067
[08/Jun/2026 05:37:04] "GET /api/notifications/ HTTP/1.0" 200 2067
[08/Jun/2026 05:37:34] "GET /api/notifications/ HTTP/1.0" 200 2067
[08/Jun/2026 05:38:04] "GET /api/notifications/ HTTP/1.0" 200 2067
[08/Jun/2026 05:38:34] "GET /api/notifications/ HTTP/1.0" 200 2067
[08/Jun/2026 05:39:04] "GET /api/notifications/ HTTP/1.0" 200 2067
[08/Jun/2026 05:39:34] "GET /api/notifications/ HTTP/1.0" 200 2067
[08/Jun/2026 05:40:04] "GET /api/notifications/ HTTP/1.0" 200 2067
[08/Jun/2026 05:40:34] "GET /api/notifications/ HTTP/1.0" 200 2067
[08/Jun/2026 05:41:04] "GET /api/notifications/ HTTP/1.0" 200 2067
[08/Jun/2026 05:41:34] "GET /api/notifications/ HTTP/1.0" 200 2067
[08/Jun/2026 05:42:04] "GET /api/notifications/ HTTP/1.0" 200 2067
[08/Jun/2026 05:42:34] "GET /api/notifications/ HTTP/1.0" 200 2067
[08/Jun/2026 05:43:04] "GET /api/notifications/ HTTP/1.0" 200 2067
[08/Jun/2026 05:43:34] "GET /api/notifications/ HTTP/1.0" 200 2067
[08/Jun/2026 05:44:04] "GET /api/notifications/ HTTP/1.0" 200 2067
[08/Jun/2026 05:44:34] "GET /api/notifications/ HTTP/1.0" 200 2067
[08/Jun/2026 05:45:04] "GET /api/notifications/ HTTP/1.0" 200 2067
[08/Jun/2026 05:45:34] "GET /api/notifications/ HTTP/1.0" 200 2067
[08/Jun/2026 05:45:42] "GET /api/location-progress/works/ HTTP/1.0" 200 1461
[08/Jun/2026 05:45:46] "GET /api/item-progress/works/ HTTP/1.0" 200 1461
[08/Jun/2026 05:45:47] "GET /api/location-progress/works/ HTTP/1.0" 200 1461
[08/Jun/2026 05:45:49] "GET /api/auth/me/ HTTP/1.0" 200 253
[08/Jun/2026 05:45:49] "GET /api/work-details/search/ HTTP/1.0" 200 624803
[08/Jun/2026 05:45:50] "GET /api/site-register/ HTTP/1.0" 200 231699
[08/Jun/2026 05:45:51] "GET /api/auth/me/ HTTP/1.0" 200 253
[08/Jun/2026 05:45:51] "GET /api/work-details/search/ HTTP/1.0" 200 624803
[08/Jun/2026 05:45:52] "GET /api/location-progress/works/ HTTP/1.0" 200 1461
[08/Jun/2026 05:45:53] "GET /api/item-progress/works/ HTTP/1.0" 200 1461
[08/Jun/2026 05:45:54] "GET /api/work-details/search/ HTTP/1.0" 200 624803
[08/Jun/2026 05:45:54] "GET /api/dashboard/trend/?period=monthly HTTP/1.0" 200 602
[08/Jun/2026 05:45:54] "GET /api/dashboard/ HTTP/1.0" 200 1603
[08/Jun/2026 05:46:01] "GET /api/dashboard/trend/?period=monthly&loa_ids=18 HTTP/1.0" 200 68
[08/Jun/2026 05:46:01] "GET /api/dashboard/?loa_ids=18 HTTP/1.0" 200 1602
[08/Jun/2026 05:46:03] "GET /api/dashboard/trend/?period=monthly&loa_ids=18,19 HTTP/1.0" 200 68
[08/Jun/2026 05:46:03] "GET /api/dashboard/?loa_ids=18,19 HTTP/1.0" 200 1602
[08/Jun/2026 05:46:04] "GET /api/notifications/ HTTP/1.0" 200 2067
[08/Jun/2026 05:46:04] "GET /api/dashboard/trend/?period=monthly&loa_ids=19 HTTP/1.0" 200 2
[08/Jun/2026 05:46:04] "GET /api/dashboard/?loa_ids=19 HTTP/1.0" 200 1600
[08/Jun/2026 05:46:05] "GET /api/dashboard/trend/?period=monthly HTTP/1.0" 200 602
[08/Jun/2026 05:46:05] "GET /api/dashboard/ HTTP/1.0" 200 1603
[08/Jun/2026 05:46:10] "GET /api/work-details/search/ HTTP/1.0" 200 624803
[08/Jun/2026 05:46:18] "GET /api/item-progress/works/ HTTP/1.0" 200 1461
[08/Jun/2026 05:46:21] "GET /api/location-progress/works/ HTTP/1.0" 200 1461
[08/Jun/2026 05:46:22] "GET /api/auth/me/ HTTP/1.0" 200 253
[08/Jun/2026 05:46:23] "GET /api/work-details/search/ HTTP/1.0" 200 624803
[08/Jun/2026 05:46:25] "GET /api/work-details/search/ HTTP/1.0" 200 624803
[08/Jun/2026 05:46:34] "GET /api/notifications/ HTTP/1.0" 200 2067
[08/Jun/2026 05:47:04] "GET /api/notifications/ HTTP/1.0" 200 2067
[08/Jun/2026 05:47:34] "GET /api/notifications/ HTTP/1.0" 200 2067
[08/Jun/2026 05:48:04] "GET /api/notifications/ HTTP/1.0" 200 2067
[08/Jun/2026 05:48:34] "GET /api/notifications/ HTTP/1.0" 200 2067
[08/Jun/2026 05:49:04] "GET /api/notifications/ HTTP/1.0" 200 2067
[08/Jun/2026 05:50:10] "GET /api/notifications/ HTTP/1.0" 200 2067
[08/Jun/2026 05:51:01] "GET /api/notifications/ HTTP/1.0" 200 2067
[08/Jun/2026 05:51:04] "GET /api/notifications/ HTTP/1.0" 200 2067
[08/Jun/2026 05:51:34] "GET /api/notifications/ HTTP/1.0" 200 2067
[08/Jun/2026 05:52:10] "GET /api/notifications/ HTTP/1.0" 200 2067
[08/Jun/2026 05:53:10] "GET /api/notifications/ HTTP/1.0" 200 2067
[08/Jun/2026 05:54:10] "GET /api/notifications/ HTTP/1.0" 200 2067
[08/Jun/2026 05:55:10] "GET /api/notifications/ HTTP/1.0" 200 2067
[08/Jun/2026 05:56:10] "GET /api/notifications/ HTTP/1.0" 200 2067
[08/Jun/2026 05:57:10] "GET /api/notifications/ HTTP/1.0" 200 2067
[08/Jun/2026 05:58:10] "GET /api/notifications/ HTTP/1.0" 200 2067
[08/Jun/2026 05:59:10] "GET /api/notifications/ HTTP/1.0" 200 2067
[08/Jun/2026 06:00:10] "GET /api/notifications/ HTTP/1.0" 200 2067
[08/Jun/2026 06:01:10] "GET /api/notifications/ HTTP/1.0" 200 2067
[08/Jun/2026 06:02:10] "GET /api/notifications/ HTTP/1.0" 200 2067
[08/Jun/2026 06:03:10] "GET /api/notifications/ HTTP/1.0" 200 2067
[08/Jun/2026 06:04:10] "GET /api/notifications/ HTTP/1.0" 200 2067
[08/Jun/2026 06:05:10] "GET /api/notifications/ HTTP/1.0" 200 2067
[08/Jun/2026 06:06:10] "GET /api/notifications/ HTTP/1.0" 200 2067
[08/Jun/2026 06:07:10] "GET /api/notifications/ HTTP/1.0" 200 2067
[08/Jun/2026 06:08:10] "GET /api/notifications/ HTTP/1.0" 200 2067
[08/Jun/2026 06:09:10] "GET /api/notifications/ HTTP/1.0" 200 2067
[08/Jun/2026 06:10:10] "GET /api/notifications/ HTTP/1.0" 200 2067
[08/Jun/2026 06:11:10] "GET /api/notifications/ HTTP/1.0" 200 2067
[08/Jun/2026 06:12:10] "GET /api/notifications/ HTTP/1.0" 200 2067
[08/Jun/2026 06:13:10] "GET /api/notifications/ HTTP/1.0" 200 2067
[08/Jun/2026 06:14:10] "GET /api/notifications/ HTTP/1.0" 200 2067
[08/Jun/2026 06:15:10] "GET /api/notifications/ HTTP/1.0" 200 2067
[08/Jun/2026 06:16:10] "GET /api/notifications/ HTTP/1.0" 200 2067
[08/Jun/2026 06:17:10] "GET /api/notifications/ HTTP/1.0" 200 2067
[08/Jun/2026 06:18:10] "GET /api/notifications/ HTTP/1.0" 200 2067
[08/Jun/2026 06:19:10] "GET /api/notifications/ HTTP/1.0" 200 2067
[08/Jun/2026 06:20:10] "GET /api/notifications/ HTTP/1.0" 200 2067
[08/Jun/2026 06:21:10] "GET /api/notifications/ HTTP/1.0" 200 2067
[08/Jun/2026 06:22:10] "GET /api/notifications/ HTTP/1.0" 200 2067
[08/Jun/2026 06:23:10] "GET /api/notifications/ HTTP/1.0" 200 2067
[08/Jun/2026 06:24:10] "GET /api/notifications/ HTTP/1.0" 200 2067
[08/Jun/2026 06:25:10] "GET /api/notifications/ HTTP/1.0" 200 2067
[08/Jun/2026 06:26:10] "GET /api/notifications/ HTTP/1.0" 200 2067
[08/Jun/2026 06:27:10] "GET /api/notifications/ HTTP/1.0" 200 2067
[08/Jun/2026 06:28:10] "GET /api/notifications/ HTTP/1.0" 200 2067
[08/Jun/2026 06:29:10] "GET /api/notifications/ HTTP/1.0" 200 2067
[08/Jun/2026 06:30:10] "GET /api/notifications/ HTTP/1.0" 200 2067
[08/Jun/2026 06:31:10] "GET /api/notifications/ HTTP/1.0" 200 2067
[08/Jun/2026 06:32:10] "GET /api/notifications/ HTTP/1.0" 200 2067
[08/Jun/2026 06:33:10] "GET /api/notifications/ HTTP/1.0" 200 2067
[08/Jun/2026 06:34:10] "GET /api/notifications/ HTTP/1.0" 200 2067
[08/Jun/2026 06:35:10] "GET /api/notifications/ HTTP/1.0" 200 2067
[08/Jun/2026 06:36:10] "GET /api/notifications/ HTTP/1.0" 200 2067
[08/Jun/2026 06:37:10] "GET /api/notifications/ HTTP/1.0" 200 2067
[08/Jun/2026 06:38:10] "GET /api/notifications/ HTTP/1.0" 200 2067
[08/Jun/2026 06:39:10] "GET /api/notifications/ HTTP/1.0" 200 2067
[08/Jun/2026 06:40:10] "GET /api/notifications/ HTTP/1.0" 200 2067
[08/Jun/2026 06:41:10] "GET /api/notifications/ HTTP/1.0" 200 2067
[08/Jun/2026 06:42:10] "GET /api/notifications/ HTTP/1.0" 200 2067
[08/Jun/2026 06:43:10] "GET /api/notifications/ HTTP/1.0" 200 2067
[08/Jun/2026 06:44:10] "GET /api/notifications/ HTTP/1.0" 200 2067
[08/Jun/2026 06:45:10] "GET /api/notifications/ HTTP/1.0" 200 2067
[08/Jun/2026 06:46:10] "GET /api/notifications/ HTTP/1.0" 200 2067
[08/Jun/2026 06:47:10] "GET /api/notifications/ HTTP/1.0" 200 2067
[08/Jun/2026 06:48:10] "GET /api/notifications/ HTTP/1.0" 200 2067
[08/Jun/2026 06:49:10] "GET /api/notifications/ HTTP/1.0" 200 2067
[08/Jun/2026 06:50:10] "GET /api/notifications/ HTTP/1.0" 200 2067
[08/Jun/2026 06:51:10] "GET /api/notifications/ HTTP/1.0" 200 2067
[08/Jun/2026 06:52:10] "GET /api/notifications/ HTTP/1.0" 200 2067
[08/Jun/2026 06:53:10] "GET /api/notifications/ HTTP/1.0" 200 2067
[08/Jun/2026 06:54:10] "GET /api/notifications/ HTTP/1.0" 200 2067
[08/Jun/2026 06:55:10] "GET /api/notifications/ HTTP/1.0" 200 2067
[08/Jun/2026 06:56:10] "GET /api/notifications/ HTTP/1.0" 200 2067
[08/Jun/2026 06:57:10] "GET /api/notifications/ HTTP/1.0" 200 2067
[08/Jun/2026 06:58:10] "GET /api/notifications/ HTTP/1.0" 200 2067
[08/Jun/2026 06:59:10] "GET /api/notifications/ HTTP/1.0" 200 2067
[08/Jun/2026 07:00:10] "GET /api/notifications/ HTTP/1.0" 200 2067
[08/Jun/2026 07:01:10] "GET /api/notifications/ HTTP/1.0" 200 2067
[08/Jun/2026 07:02:10] "GET /api/notifications/ HTTP/1.0" 200 2067
[08/Jun/2026 07:03:10] "GET /api/notifications/ HTTP/1.0" 200 2067
[08/Jun/2026 07:04:10] "GET /api/notifications/ HTTP/1.0" 200 2067
[08/Jun/2026 07:05:10] "GET /api/notifications/ HTTP/1.0" 200 2067
[08/Jun/2026 07:06:10] "GET /api/notifications/ HTTP/1.0" 200 2067
[08/Jun/2026 07:07:10] "GET /api/notifications/ HTTP/1.0" 200 2067
[08/Jun/2026 07:08:10] "GET /api/notifications/ HTTP/1.0" 200 2067
[08/Jun/2026 07:09:10] "GET /api/notifications/ HTTP/1.0" 200 2067
[08/Jun/2026 07:10:10] "GET /api/notifications/ HTTP/1.0" 200 2067
[08/Jun/2026 07:11:10] "GET /api/notifications/ HTTP/1.0" 200 2067
[08/Jun/2026 07:12:10] "GET /api/notifications/ HTTP/1.0" 200 2067
[08/Jun/2026 07:13:10] "GET /api/notifications/ HTTP/1.0" 200 2067
[08/Jun/2026 07:14:10] "GET /api/notifications/ HTTP/1.0" 200 2067
[08/Jun/2026 07:15:10] "GET /api/notifications/ HTTP/1.0" 200 2067
[08/Jun/2026 07:16:10] "GET /api/notifications/ HTTP/1.0" 200 2067
[08/Jun/2026 07:17:10] "GET /api/notifications/ HTTP/1.0" 200 2067
[08/Jun/2026 07:18:10] "GET /api/notifications/ HTTP/1.0" 200 2067
[08/Jun/2026 07:19:10] "GET /api/notifications/ HTTP/1.0" 200 2067
[08/Jun/2026 07:20:10] "GET /api/notifications/ HTTP/1.0" 200 2067
[08/Jun/2026 07:21:10] "GET /api/notifications/ HTTP/1.0" 200 2067
[08/Jun/2026 07:22:10] "GET /api/notifications/ HTTP/1.0" 200 2067
[08/Jun/2026 07:23:10] "GET /api/notifications/ HTTP/1.0" 200 2067
[08/Jun/2026 07:24:10] "GET /api/notifications/ HTTP/1.0" 200 2067
[08/Jun/2026 07:25:10] "GET /api/notifications/ HTTP/1.0" 200 2067
[08/Jun/2026 07:26:10] "GET /api/notifications/ HTTP/1.0" 200 2067
[08/Jun/2026 07:27:11] "GET /api/notifications/ HTTP/1.0" 200 2067
[08/Jun/2026 07:28:10] "GET /api/notifications/ HTTP/1.0" 200 2067
[08/Jun/2026 07:33:18] "GET /api/notifications/ HTTP/1.0" 200 2067
[08/Jun/2026 07:34:18] "GET /api/notifications/ HTTP/1.0" 200 2067
[08/Jun/2026 07:35:18] "GET /api/notifications/ HTTP/1.0" 200 2067
[08/Jun/2026 07:36:18] "GET /api/notifications/ HTTP/1.0" 200 2067
[08/Jun/2026 07:37:18] "GET /api/notifications/ HTTP/1.0" 200 2067
[08/Jun/2026 07:38:18] "GET /api/notifications/ HTTP/1.0" 200 2067
[08/Jun/2026 07:39:18] "GET /api/notifications/ HTTP/1.0" 200 2067
[08/Jun/2026 07:40:18] "GET /api/notifications/ HTTP/1.0" 200 2067
[08/Jun/2026 07:41:18] "GET /api/notifications/ HTTP/1.0" 200 2067
[08/Jun/2026 07:42:18] "GET /api/notifications/ HTTP/1.0" 200 2067
[08/Jun/2026 07:43:18] "GET /api/notifications/ HTTP/1.0" 200 2067
[08/Jun/2026 07:44:18] "GET /api/notifications/ HTTP/1.0" 200 2067
[08/Jun/2026 07:45:18] "GET /api/notifications/ HTTP/1.0" 200 2067
[08/Jun/2026 07:46:18] "GET /api/notifications/ HTTP/1.0" 200 2067
[08/Jun/2026 07:47:18] "GET /api/notifications/ HTTP/1.0" 200 2067
[08/Jun/2026 07:48:18] "GET /api/notifications/ HTTP/1.0" 200 2067
[08/Jun/2026 07:49:18] "GET /api/notifications/ HTTP/1.0" 200 2067
[08/Jun/2026 07:50:18] "GET /api/notifications/ HTTP/1.0" 200 2067
[08/Jun/2026 07:51:18] "GET /api/notifications/ HTTP/1.0" 200 2067
[08/Jun/2026 07:52:18] "GET /api/notifications/ HTTP/1.0" 200 2067
[08/Jun/2026 07:53:18] "GET /api/notifications/ HTTP/1.0" 200 2067
[08/Jun/2026 07:54:18] "GET /api/notifications/ HTTP/1.0" 200 2067
[08/Jun/2026 07:55:18] "GET /api/notifications/ HTTP/1.0" 200 2067
[08/Jun/2026 07:56:18] "GET /api/notifications/ HTTP/1.0" 200 2067
[08/Jun/2026 07:57:18] "GET /api/notifications/ HTTP/1.0" 200 2067
[08/Jun/2026 07:58:18] "GET /api/notifications/ HTTP/1.0" 200 2067
[08/Jun/2026 07:59:18] "GET /api/notifications/ HTTP/1.0" 200 2067
[08/Jun/2026 08:00:18] "GET /api/notifications/ HTTP/1.0" 200 2067
[08/Jun/2026 08:01:18] "GET /api/notifications/ HTTP/1.0" 200 2067
[08/Jun/2026 08:02:18] "GET /api/notifications/ HTTP/1.0" 200 2067
[08/Jun/2026 08:03:18] "GET /api/notifications/ HTTP/1.0" 200 2067
[08/Jun/2026 08:04:18] "GET /api/notifications/ HTTP/1.0" 200 2067
[08/Jun/2026 08:05:18] "GET /api/notifications/ HTTP/1.0" 200 2067
[08/Jun/2026 08:06:18] "GET /api/notifications/ HTTP/1.0" 200 2067
[08/Jun/2026 08:07:18] "GET /api/notifications/ HTTP/1.0" 200 2067
[08/Jun/2026 08:08:18] "GET /api/notifications/ HTTP/1.0" 200 2067
[08/Jun/2026 08:09:18] "GET /api/notifications/ HTTP/1.0" 200 2067
[08/Jun/2026 08:10:18] "GET /api/notifications/ HTTP/1.0" 200 2067
[08/Jun/2026 08:11:18] "GET /api/notifications/ HTTP/1.0" 200 2067
[08/Jun/2026 08:12:18] "GET /api/notifications/ HTTP/1.0" 200 2067
[08/Jun/2026 08:13:18] "GET /api/notifications/ HTTP/1.0" 200 2067
[08/Jun/2026 08:14:18] "GET /api/notifications/ HTTP/1.0" 200 2067
[08/Jun/2026 08:15:18] "GET /api/notifications/ HTTP/1.0" 200 2067
[08/Jun/2026 08:16:18] "GET /api/notifications/ HTTP/1.0" 200 2067
[08/Jun/2026 08:17:18] "GET /api/notifications/ HTTP/1.0" 200 2067
[08/Jun/2026 08:18:18] "GET /api/notifications/ HTTP/1.0" 200 2067
[08/Jun/2026 08:19:18] "GET /api/notifications/ HTTP/1.0" 200 2067
[08/Jun/2026 08:20:18] "GET /api/notifications/ HTTP/1.0" 200 2067
[08/Jun/2026 08:21:18] "GET /api/notifications/ HTTP/1.0" 200 2067
[08/Jun/2026 08:22:18] "GET /api/notifications/ HTTP/1.0" 200 2067
[08/Jun/2026 08:40:36] "GET /api/notifications/ HTTP/1.0" 200 2067
[08/Jun/2026 08:40:46] "GET /api/notifications/ HTTP/1.0" 200 2067
[08/Jun/2026 08:41:46] "GET /api/notifications/ HTTP/1.0" 200 2067
[08/Jun/2026 08:42:46] "GET /api/notifications/ HTTP/1.0" 200 2067
[08/Jun/2026 08:43:46] "GET /api/notifications/ HTTP/1.0" 200 2067
[08/Jun/2026 08:44:46] "GET /api/notifications/ HTTP/1.0" 200 2067
[08/Jun/2026 08:45:46] "GET /api/notifications/ HTTP/1.0" 200 2067
[08/Jun/2026 08:46:46] "GET /api/notifications/ HTTP/1.0" 200 2067
[08/Jun/2026 08:47:46] "GET /api/notifications/ HTTP/1.0" 200 2067
[08/Jun/2026 08:48:46] "GET /api/notifications/ HTTP/1.0" 200 2067
[08/Jun/2026 08:49:46] "GET /api/notifications/ HTTP/1.0" 200 2067
[08/Jun/2026 08:50:46] "GET /api/notifications/ HTTP/1.0" 200 2067
[08/Jun/2026 08:51:46] "GET /api/notifications/ HTTP/1.0" 200 2067
[08/Jun/2026 08:52:46] "GET /api/notifications/ HTTP/1.0" 200 2067
[08/Jun/2026 08:53:46] "GET /api/notifications/ HTTP/1.0" 200 2067
[08/Jun/2026 08:54:46] "GET /api/notifications/ HTTP/1.0" 200 2067
[08/Jun/2026 08:55:46] "GET /api/notifications/ HTTP/1.0" 200 2067
[08/Jun/2026 08:56:46] "GET /api/notifications/ HTTP/1.0" 200 2067
[08/Jun/2026 08:57:46] "GET /api/notifications/ HTTP/1.0" 200 2067
[08/Jun/2026 08:58:46] "GET /api/notifications/ HTTP/1.0" 200 2067
[08/Jun/2026 08:59:46] "GET /api/notifications/ HTTP/1.0" 200 2067
[08/Jun/2026 09:00:46] "GET /api/notifications/ HTTP/1.0" 200 2067
[08/Jun/2026 09:01:46] "GET /api/notifications/ HTTP/1.0" 200 2067
[08/Jun/2026 09:02:46] "GET /api/notifications/ HTTP/1.0" 200 2067
[08/Jun/2026 09:03:46] "GET /api/notifications/ HTTP/1.0" 200 2067
[08/Jun/2026 09:04:46] "GET /api/notifications/ HTTP/1.0" 200 2067
[08/Jun/2026 09:05:46] "GET /api/notifications/ HTTP/1.0" 200 2067
[08/Jun/2026 09:06:46] "GET /api/notifications/ HTTP/1.0" 200 2067
Unauthorized: /api/notifications/
Unauthorized: /api/auth/me/
[08/Jun/2026 09:07:37] "GET /api/notifications/ HTTP/1.0" 401 27
[08/Jun/2026 09:07:37] "GET /api/auth/me/ HTTP/1.0" 401 23
[08/Jun/2026 09:07:44] "POST /api/auth/login/ HTTP/1.0" 200 232
[08/Jun/2026 09:07:44] "GET /api/notifications/ HTTP/1.0" 200 2067
[08/Jun/2026 09:07:44] "GET /api/dashboard/trend/?period=monthly HTTP/1.0" 200 602
[08/Jun/2026 09:07:44] "GET /api/dashboard/ HTTP/1.0" 200 1603
[08/Jun/2026 09:07:46] "GET /api/notifications/ HTTP/1.0" 200 2067
[08/Jun/2026 09:07:50] "GET /api/mb-details/works/?q= HTTP/1.0" 200 4182
[08/Jun/2026 09:07:50] "GET /api/mb-details/summary/ HTTP/1.0" 200 214
[08/Jun/2026 09:07:50] "GET /api/mb-details/records/ HTTP/1.0" 200 16201
[08/Jun/2026 09:08:01] "GET /api/work-details/search/ HTTP/1.0" 200 624803
[08/Jun/2026 09:08:14] "GET /api/notifications/ HTTP/1.0" 200 2067
[08/Jun/2026 09:08:31] "GET /api/location-progress/works/ HTTP/1.0" 200 1461
[08/Jun/2026 09:08:34] "GET /api/location-progress/data/?work_ids=18 HTTP/1.0" 200 2295
[08/Jun/2026 09:08:39] "GET /api/auth/me/ HTTP/1.0" 200 253
[08/Jun/2026 09:08:40] "GET /api/work-details/search/ HTTP/1.0" 200 624803
[08/Jun/2026 09:08:40] "GET /api/site-register/ HTTP/1.0" 200 231699
[08/Jun/2026 09:08:41] "GET /api/mb-details/works/?q= HTTP/1.0" 200 4182
[08/Jun/2026 09:08:41] "GET /api/mb-details/records/ HTTP/1.0" 200 16201
[08/Jun/2026 09:08:41] "GET /api/mb-details/summary/ HTTP/1.0" 200 214
[08/Jun/2026 09:08:42] "GET /api/notifications/ HTTP/1.0" 200 2067
[08/Jun/2026 09:08:43] "GET /api/installation-cert/certificates/ HTTP/1.0" 200 2
[08/Jun/2026 09:08:43] "GET /api/installation-cert/loas/ HTTP/1.0" 200 3945
[08/Jun/2026 09:08:44] "GET /api/notifications/ HTTP/1.0" 200 2067
[08/Jun/2026 09:08:45] "GET /api/notifications/ HTTP/1.0" 200 2067
[08/Jun/2026 09:08:46] "GET /api/notifications/ HTTP/1.0" 200 2067
[08/Jun/2026 09:09:14] "GET /api/notifications/ HTTP/1.0" 200 2067
[08/Jun/2026 09:09:44] "GET /api/notifications/ HTTP/1.0" 200 2067
[08/Jun/2026 09:09:46] "GET /api/notifications/ HTTP/1.0" 200 2067
[08/Jun/2026 09:10:01] "GET /api/dashboard/trend/?period=monthly HTTP/1.0" 200 602
[08/Jun/2026 09:10:01] "GET /api/dashboard/ HTTP/1.0" 200 1603
[08/Jun/2026 09:10:14] "GET /api/notifications/ HTTP/1.0" 200 2067
[08/Jun/2026 09:10:20] "GET /api/notifications/ HTTP/1.0" 200 2067
[08/Jun/2026 09:10:22] "GET /api/mb-details/works/?q= HTTP/1.0" 200 4182
[08/Jun/2026 09:10:22] "GET /api/mb-details/summary/ HTTP/1.0" 200 214
[08/Jun/2026 09:10:22] "GET /api/mb-details/records/ HTTP/1.0" 200 16201
[08/Jun/2026 09:10:23] "GET /api/site-register/ HTTP/1.0" 200 231699
[08/Jun/2026 09:10:24] "GET /api/auth/me/ HTTP/1.0" 200 253
[08/Jun/2026 09:10:24] "GET /api/work-details/search/ HTTP/1.0" 200 624803
[08/Jun/2026 09:10:25] "GET /api/location-progress/works/ HTTP/1.0" 200 1461
[08/Jun/2026 09:10:26] "GET /api/item-progress/works/ HTTP/1.0" 200 1461
[08/Jun/2026 09:10:27] "GET /api/work-details/search/ HTTP/1.0" 200 624803
[08/Jun/2026 09:10:27] "GET /api/dashboard/trend/?period=monthly HTTP/1.0" 200 602
[08/Jun/2026 09:10:27] "GET /api/dashboard/ HTTP/1.0" 200 1603
[08/Jun/2026 09:10:44] "GET /api/notifications/ HTTP/1.0" 200 2067
[08/Jun/2026 09:10:46] "GET /api/notifications/ HTTP/1.0" 200 2067
[08/Jun/2026 09:11:14] "GET /api/notifications/ HTTP/1.0" 200 2067
[08/Jun/2026 09:11:44] "GET /api/notifications/ HTTP/1.0" 200 2067
[08/Jun/2026 09:11:46] "GET /api/notifications/ HTTP/1.0" 200 2067
[08/Jun/2026 09:12:14] "GET /api/notifications/ HTTP/1.0" 200 2067
[08/Jun/2026 09:12:44] "GET /api/notifications/ HTTP/1.0" 200 2067
[08/Jun/2026 09:12:46] "GET /api/notifications/ HTTP/1.0" 200 2067
[08/Jun/2026 09:13:14] "GET /api/notifications/ HTTP/1.0" 200 2067
[08/Jun/2026 09:13:44] "GET /api/notifications/ HTTP/1.0" 200 2067
[08/Jun/2026 09:13:46] "GET /api/notifications/ HTTP/1.0" 200 2067
[08/Jun/2026 09:14:14] "GET /api/notifications/ HTTP/1.0" 200 2067
[08/Jun/2026 09:14:44] "GET /api/notifications/ HTTP/1.0" 200 2067
[08/Jun/2026 09:14:46] "GET /api/notifications/ HTTP/1.0" 200 2067
[08/Jun/2026 09:15:14] "GET /api/notifications/ HTTP/1.0" 200 2067
[08/Jun/2026 09:15:44] "GET /api/notifications/ HTTP/1.0" 200 2067
[08/Jun/2026 09:15:46] "GET /api/notifications/ HTTP/1.0" 200 2067
[08/Jun/2026 09:16:14] "GET /api/notifications/ HTTP/1.0" 200 2067
[08/Jun/2026 09:16:44] "GET /api/notifications/ HTTP/1.0" 200 2067
[08/Jun/2026 09:16:46] "GET /api/notifications/ HTTP/1.0" 200 2067
[08/Jun/2026 09:17:14] "GET /api/notifications/ HTTP/1.0" 200 2067
[08/Jun/2026 09:17:44] "GET /api/notifications/ HTTP/1.0" 200 2067
[08/Jun/2026 09:17:46] "GET /api/notifications/ HTTP/1.0" 200 2067
[08/Jun/2026 09:18:14] "GET /api/notifications/ HTTP/1.0" 200 2067
[08/Jun/2026 09:18:44] "GET /api/notifications/ HTTP/1.0" 200 2067
[08/Jun/2026 09:18:46] "GET /api/notifications/ HTTP/1.0" 200 2067
[08/Jun/2026 09:19:14] "GET /api/notifications/ HTTP/1.0" 200 2067
[08/Jun/2026 09:19:44] "GET /api/notifications/ HTTP/1.0" 200 2067
[08/Jun/2026 09:19:46] "GET /api/notifications/ HTTP/1.0" 200 2067
[08/Jun/2026 09:20:14] "GET /api/notifications/ HTTP/1.0" 200 2067
[08/Jun/2026 09:20:28] "GET /api/work-details/search/ HTTP/1.0" 200 624803
[08/Jun/2026 09:20:32] "GET /api/item-progress/works/ HTTP/1.0" 200 1461
[08/Jun/2026 09:20:33] "GET /api/auth/me/ HTTP/1.0" 200 253
[08/Jun/2026 09:20:33] "GET /api/work-details/search/ HTTP/1.0" 200 624803
[08/Jun/2026 09:20:37] "GET /api/site-register/ HTTP/1.0" 200 231699
[08/Jun/2026 09:20:44] "GET /api/notifications/ HTTP/1.0" 200 2067
[08/Jun/2026 09:20:46] "GET /api/notifications/ HTTP/1.0" 200 2067
[08/Jun/2026 09:20:46] "GET /api/mb-details/works/?q= HTTP/1.0" 200 4182
[08/Jun/2026 09:20:46] "GET /api/mb-details/summary/ HTTP/1.0" 200 214
[08/Jun/2026 09:20:46] "GET /api/mb-details/records/ HTTP/1.0" 200 16201
[08/Jun/2026 09:20:51] "GET /api/site-register/ HTTP/1.0" 200 231699
[08/Jun/2026 09:20:51] "GET /api/auth/me/ HTTP/1.0" 200 253
[08/Jun/2026 09:20:52] "GET /api/work-details/search/ HTTP/1.0" 200 624803
[08/Jun/2026 09:21:14] "GET /api/notifications/ HTTP/1.0" 200 2067
[08/Jun/2026 09:21:44] "GET /api/notifications/ HTTP/1.0" 200 2067
[08/Jun/2026 09:21:46] "GET /api/notifications/ HTTP/1.0" 200 2067
[08/Jun/2026 09:22:14] "GET /api/notifications/ HTTP/1.0" 200 2067
[08/Jun/2026 09:22:42] "GET /api/work-details/25/ HTTP/1.0" 200 155201
[08/Jun/2026 09:22:44] "GET /api/notifications/ HTTP/1.0" 200 2067
[08/Jun/2026 09:22:46] "GET /api/notifications/ HTTP/1.0" 200 2067
[08/Jun/2026 09:23:14] "GET /api/notifications/ HTTP/1.0" 200 2067
[08/Jun/2026 09:23:44] "GET /api/notifications/ HTTP/1.0" 200 2067
[08/Jun/2026 09:23:46] "GET /api/notifications/ HTTP/1.0" 200 2067
[08/Jun/2026 09:24:14] "GET /api/notifications/ HTTP/1.0" 200 2067
[08/Jun/2026 09:24:44] "GET /api/notifications/ HTTP/1.0" 200 2067
[08/Jun/2026 09:24:46] "GET /api/notifications/ HTTP/1.0" 200 2067
[08/Jun/2026 09:25:14] "GET /api/notifications/ HTTP/1.0" 200 2067
[08/Jun/2026 09:25:44] "GET /api/notifications/ HTTP/1.0" 200 2067
[08/Jun/2026 09:25:46] "GET /api/notifications/ HTTP/1.0" 200 2067
[08/Jun/2026 09:26:14] "GET /api/notifications/ HTTP/1.0" 200 2067
[08/Jun/2026 09:26:44] "GET /api/notifications/ HTTP/1.0" 200 2067
[08/Jun/2026 09:26:46] "GET /api/notifications/ HTTP/1.0" 200 2067
[08/Jun/2026 09:27:14] "GET /api/notifications/ HTTP/1.0" 200 2067
[08/Jun/2026 09:27:44] "GET /api/notifications/ HTTP/1.0" 200 2067
[08/Jun/2026 09:27:46] "GET /api/notifications/ HTTP/1.0" 200 2067
[08/Jun/2026 09:28:14] "GET /api/notifications/ HTTP/1.0" 200 2067
[08/Jun/2026 09:28:44] "GET /api/notifications/ HTTP/1.0" 200 2067
[08/Jun/2026 09:28:46] "GET /api/notifications/ HTTP/1.0" 200 2067
[08/Jun/2026 09:29:14] "GET /api/notifications/ HTTP/1.0" 200 2067
[08/Jun/2026 09:29:44] "GET /api/notifications/ HTTP/1.0" 200 2067
[08/Jun/2026 09:29:46] "GET /api/notifications/ HTTP/1.0" 200 2067
[08/Jun/2026 09:30:14] "GET /api/notifications/ HTTP/1.0" 200 2067
[08/Jun/2026 09:30:44] "GET /api/notifications/ HTTP/1.0" 200 2067
[08/Jun/2026 09:30:46] "GET /api/notifications/ HTTP/1.0" 200 2067
[08/Jun/2026 09:31:14] "GET /api/notifications/ HTTP/1.0" 200 2067
[08/Jun/2026 09:31:44] "GET /api/notifications/ HTTP/1.0" 200 2067
[08/Jun/2026 09:31:46] "GET /api/notifications/ HTTP/1.0" 200 2067
[08/Jun/2026 09:32:14] "GET /api/notifications/ HTTP/1.0" 200 2067
[08/Jun/2026 09:32:44] "GET /api/notifications/ HTTP/1.0" 200 2067
[08/Jun/2026 09:32:46] "GET /api/notifications/ HTTP/1.0" 200 2067
[08/Jun/2026 09:33:14] "GET /api/notifications/ HTTP/1.0" 200 2067
[08/Jun/2026 09:33:26] "GET /api/location-progress/works/ HTTP/1.0" 200 1461
[08/Jun/2026 09:33:28] "GET /api/item-progress/works/ HTTP/1.0" 200 1461
[08/Jun/2026 09:33:29] "GET /api/location-progress/works/ HTTP/1.0" 200 1461
[08/Jun/2026 09:33:31] "GET /api/location-progress/data/?work_ids=18 HTTP/1.0" 200 2295
[08/Jun/2026 09:33:36] "GET /api/location-progress/data/?work_ids=18,20 HTTP/1.0" 200 2295
[08/Jun/2026 09:33:37] "GET /api/location-progress/data/?work_ids=18 HTTP/1.0" 200 2295
[08/Jun/2026 09:33:40] "GET /api/item-progress/works/ HTTP/1.0" 200 1461
[08/Jun/2026 09:33:42] "GET /api/item-progress/search/?work_ids=18 HTTP/1.0" 200 65785
[08/Jun/2026 09:33:44] "GET /api/notifications/ HTTP/1.0" 200 2067
[08/Jun/2026 09:33:46] "GET /api/notifications/ HTTP/1.0" 200 2067
[08/Jun/2026 09:34:14] "GET /api/notifications/ HTTP/1.0" 200 2067
[08/Jun/2026 09:34:18] "GET /api/location-progress/works/ HTTP/1.0" 200 1461
[08/Jun/2026 09:34:20] "GET /api/auth/me/ HTTP/1.0" 200 253
[08/Jun/2026 09:34:20] "GET /api/work-details/search/ HTTP/1.0" 200 624803
[08/Jun/2026 09:34:21] "GET /api/site-register/ HTTP/1.0" 200 231699
[08/Jun/2026 09:34:44] "GET /api/notifications/ HTTP/1.0" 200 2067
[08/Jun/2026 09:34:46] "GET /api/notifications/ HTTP/1.0" 200 2067
[08/Jun/2026 09:35:14] "GET /api/notifications/ HTTP/1.0" 200 2067
[08/Jun/2026 09:35:44] "GET /api/notifications/ HTTP/1.0" 200 2067
[08/Jun/2026 09:35:46] "GET /api/notifications/ HTTP/1.0" 200 2067
[08/Jun/2026 09:36:14] "GET /api/notifications/ HTTP/1.0" 200 2067
[08/Jun/2026 09:36:44] "GET /api/notifications/ HTTP/1.0" 200 2067
[08/Jun/2026 09:36:46] "GET /api/notifications/ HTTP/1.0" 200 2067
[08/Jun/2026 09:37:14] "GET /api/notifications/ HTTP/1.0" 200 2067
[08/Jun/2026 09:37:44] "GET /api/notifications/ HTTP/1.0" 200 2067
[08/Jun/2026 09:37:46] "GET /api/notifications/ HTTP/1.0" 200 2067
[08/Jun/2026 09:37:56] "GET /api/mb-details/works/?q= HTTP/1.0" 200 4182
[08/Jun/2026 09:37:56] "GET /api/mb-details/records/ HTTP/1.0" 200 16201
[08/Jun/2026 09:37:56] "GET /api/mb-details/summary/ HTTP/1.0" 200 214
[08/Jun/2026 09:37:57] "GET /api/notifications/ HTTP/1.0" 200 2067
[08/Jun/2026 09:37:59] "GET /api/installation-cert/loas/ HTTP/1.0" 200 3945
[08/Jun/2026 09:37:59] "GET /api/installation-cert/certificates/ HTTP/1.0" 200 2
[08/Jun/2026 09:38:46] "GET /api/notifications/ HTTP/1.0" 200 2067
[08/Jun/2026 09:39:46] "GET /api/notifications/ HTTP/1.0" 200 2067
[08/Jun/2026 09:40:46] "GET /api/notifications/ HTTP/1.0" 200 2067
[08/Jun/2026 09:41:46] "GET /api/notifications/ HTTP/1.0" 200 2067
[08/Jun/2026 09:42:46] "GET /api/notifications/ HTTP/1.0" 200 2067
[08/Jun/2026 09:43:46] "GET /api/notifications/ HTTP/1.0" 200 2067
[08/Jun/2026 09:44:46] "GET /api/notifications/ HTTP/1.0" 200 2067
[08/Jun/2026 09:45:46] "GET /api/notifications/ HTTP/1.0" 200 2067
[08/Jun/2026 09:46:09] "GET /api/notifications/ HTTP/1.0" 200 2067
[08/Jun/2026 09:46:12] "GET /api/item-progress/works/ HTTP/1.0" 200 1461
[08/Jun/2026 09:46:13] "GET /api/location-progress/works/ HTTP/1.0" 200 1461
[08/Jun/2026 09:46:14] "GET /api/auth/me/ HTTP/1.0" 200 253
[08/Jun/2026 09:46:14] "GET /api/work-details/search/ HTTP/1.0" 200 624803
[08/Jun/2026 09:46:39] "GET /api/notifications/ HTTP/1.0" 200 2067
[08/Jun/2026 09:47:10] "GET /api/notifications/ HTTP/1.0" 200 2067
[08/Jun/2026 09:47:39] "GET /api/notifications/ HTTP/1.0" 200 2067
[08/Jun/2026 09:48:10] "GET /api/notifications/ HTTP/1.0" 200 2067
[08/Jun/2026 09:48:40] "GET /api/notifications/ HTTP/1.0" 200 2067
[08/Jun/2026 09:49:46] "GET /api/notifications/ HTTP/1.0" 200 2067
[08/Jun/2026 09:50:46] "GET /api/notifications/ HTTP/1.0" 200 2067
[08/Jun/2026 09:51:46] "GET /api/notifications/ HTTP/1.0" 200 2067
[08/Jun/2026 09:52:46] "GET /api/notifications/ HTTP/1.0" 200 2067
[08/Jun/2026 09:53:46] "GET /api/notifications/ HTTP/1.0" 200 2067
[08/Jun/2026 09:54:46] "GET /api/notifications/ HTTP/1.0" 200 2067
[08/Jun/2026 09:55:46] "GET /api/notifications/ HTTP/1.0" 200 2067
[08/Jun/2026 09:56:46] "GET /api/notifications/ HTTP/1.0" 200 2067
[08/Jun/2026 09:57:46] "GET /api/notifications/ HTTP/1.0" 200 2067
[08/Jun/2026 09:58:46] "GET /api/notifications/ HTTP/1.0" 200 2067
[08/Jun/2026 09:59:46] "GET /api/notifications/ HTTP/1.0" 200 2067
[08/Jun/2026 10:00:46] "GET /api/notifications/ HTTP/1.0" 200 2067
[08/Jun/2026 10:01:46] "GET /api/notifications/ HTTP/1.0" 200 2067
[08/Jun/2026 10:02:46] "GET /api/notifications/ HTTP/1.0" 200 2067
[08/Jun/2026 10:03:46] "GET /api/notifications/ HTTP/1.0" 200 2067
[08/Jun/2026 10:04:46] "GET /api/notifications/ HTTP/1.0" 200 2067
[08/Jun/2026 10:05:46] "GET /api/notifications/ HTTP/1.0" 200 2067
[08/Jun/2026 10:06:46] "GET /api/notifications/ HTTP/1.0" 200 2067
[08/Jun/2026 10:07:46] "GET /api/notifications/ HTTP/1.0" 200 2067
[08/Jun/2026 10:08:46] "GET /api/notifications/ HTTP/1.0" 200 2067
[08/Jun/2026 10:09:46] "GET /api/notifications/ HTTP/1.0" 200 2067
[08/Jun/2026 10:10:46] "GET /api/notifications/ HTTP/1.0" 200 2067
[08/Jun/2026 10:11:46] "GET /api/notifications/ HTTP/1.0" 200 2067
[08/Jun/2026 10:12:46] "GET /api/notifications/ HTTP/1.0" 200 2067
[08/Jun/2026 10:13:46] "GET /api/notifications/ HTTP/1.0" 200 2067
[08/Jun/2026 10:14:46] "GET /api/notifications/ HTTP/1.0" 200 2067
[08/Jun/2026 10:15:46] "GET /api/notifications/ HTTP/1.0" 200 2067
[08/Jun/2026 10:16:46] "GET /api/notifications/ HTTP/1.0" 200 2067
[08/Jun/2026 10:17:46] "GET /api/notifications/ HTTP/1.0" 200 2067
[08/Jun/2026 10:18:46] "GET /api/notifications/ HTTP/1.0" 200 2067
[08/Jun/2026 10:19:46] "GET /api/notifications/ HTTP/1.0" 200 2067
[08/Jun/2026 10:20:46] "GET /api/notifications/ HTTP/1.0" 200 2067
[08/Jun/2026 10:21:46] "GET /api/notifications/ HTTP/1.0" 200 2067
[08/Jun/2026 10:22:46] "GET /api/notifications/ HTTP/1.0" 200 2067
[08/Jun/2026 10:23:46] "GET /api/notifications/ HTTP/1.0" 200 2067
[08/Jun/2026 10:24:46] "GET /api/notifications/ HTTP/1.0" 200 2067
[08/Jun/2026 10:25:46] "GET /api/notifications/ HTTP/1.0" 200 2067
[08/Jun/2026 10:26:46] "GET /api/notifications/ HTTP/1.0" 200 2067
[08/Jun/2026 10:27:46] "GET /api/notifications/ HTTP/1.0" 200 2067
[08/Jun/2026 10:28:46] "GET /api/notifications/ HTTP/1.0" 200 2067
[08/Jun/2026 10:29:46] "GET /api/notifications/ HTTP/1.0" 200 2067
[08/Jun/2026 10:30:46] "GET /api/notifications/ HTTP/1.0" 200 2067
[08/Jun/2026 10:31:46] "GET /api/notifications/ HTTP/1.0" 200 2067
[08/Jun/2026 10:32:46] "GET /api/notifications/ HTTP/1.0" 200 2067
[08/Jun/2026 10:33:46] "GET /api/notifications/ HTTP/1.0" 200 2067
[08/Jun/2026 10:34:46] "GET /api/notifications/ HTTP/1.0" 200 2067
[08/Jun/2026 10:35:46] "GET /api/notifications/ HTTP/1.0" 200 2067
[08/Jun/2026 10:36:46] "GET /api/notifications/ HTTP/1.0" 200 2067
[08/Jun/2026 10:37:46] "GET /api/notifications/ HTTP/1.0" 200 2067
[08/Jun/2026 10:38:46] "GET /api/notifications/ HTTP/1.0" 200 2067
[08/Jun/2026 10:39:46] "GET /api/notifications/ HTTP/1.0" 200 2067
[08/Jun/2026 10:40:46] "GET /api/notifications/ HTTP/1.0" 200 2067
[08/Jun/2026 10:41:46] "GET /api/notifications/ HTTP/1.0" 200 2067
[08/Jun/2026 10:43:33] "GET /api/notifications/ HTTP/1.0" 200 2067
[08/Jun/2026 10:43:55] "GET /api/notifications/ HTTP/1.0" 200 2067
[08/Jun/2026 10:44:55] "GET /api/notifications/ HTTP/1.0" 200 2067
[08/Jun/2026 10:45:55] "GET /api/notifications/ HTTP/1.0" 200 2067
[08/Jun/2026 10:46:55] "GET /api/notifications/ HTTP/1.0" 200 2067
[08/Jun/2026 10:47:55] "GET /api/notifications/ HTTP/1.0" 200 2067
[08/Jun/2026 10:48:55] "GET /api/notifications/ HTTP/1.0" 200 2067
[08/Jun/2026 10:49:55] "GET /api/notifications/ HTTP/1.0" 200 2067
[08/Jun/2026 10:50:55] "GET /api/notifications/ HTTP/1.0" 200 2067
[08/Jun/2026 10:51:55] "GET /api/notifications/ HTTP/1.0" 200 2067
[08/Jun/2026 10:52:55] "GET /api/notifications/ HTTP/1.0" 200 2067
[08/Jun/2026 10:53:55] "GET /api/notifications/ HTTP/1.0" 200 2067
[08/Jun/2026 10:54:55] "GET /api/notifications/ HTTP/1.0" 200 2067
[08/Jun/2026 10:55:46] "GET /api/notifications/ HTTP/1.0" 200 2067
[08/Jun/2026 10:55:48] "GET /api/notifications/ HTTP/1.0" 200 2067
[08/Jun/2026 10:56:18] "GET /api/notifications/ HTTP/1.0" 200 2067
[08/Jun/2026 10:56:48] "GET /api/notifications/ HTTP/1.0" 200 2067
[08/Jun/2026 10:57:18] "GET /api/notifications/ HTTP/1.0" 200 2067
[08/Jun/2026 10:57:48] "GET /api/notifications/ HTTP/1.0" 200 2067
[08/Jun/2026 10:58:18] "GET /api/notifications/ HTTP/1.0" 200 2067
[08/Jun/2026 10:58:48] "GET /api/notifications/ HTTP/1.0" 200 2067
[08/Jun/2026 10:59:18] "GET /api/notifications/ HTTP/1.0" 200 2067
[08/Jun/2026 10:59:48] "GET /api/notifications/ HTTP/1.0" 200 2067
[08/Jun/2026 11:00:18] "GET /api/notifications/ HTTP/1.0" 200 2067
[08/Jun/2026 11:00:48] "GET /api/notifications/ HTTP/1.0" 200 2067
[08/Jun/2026 11:01:19] "GET /api/notifications/ HTTP/1.0" 200 2067
[08/Jun/2026 11:01:49] "GET /api/notifications/ HTTP/1.0" 200 2067
[08/Jun/2026 11:02:55] "GET /api/notifications/ HTTP/1.0" 200 2067
[08/Jun/2026 11:03:55] "GET /api/notifications/ HTTP/1.0" 200 2067
[08/Jun/2026 11:04:55] "GET /api/notifications/ HTTP/1.0" 200 2067
[08/Jun/2026 11:05:55] "GET /api/notifications/ HTTP/1.0" 200 2067
[08/Jun/2026 11:06:55] "GET /api/notifications/ HTTP/1.0" 200 2067
[08/Jun/2026 11:07:55] "GET /api/notifications/ HTTP/1.0" 200 2067
[08/Jun/2026 11:08:55] "GET /api/notifications/ HTTP/1.0" 200 2067
[08/Jun/2026 11:09:13] "GET /api/item-progress/works/ HTTP/1.0" 200 1461
[08/Jun/2026 11:09:14] "GET /api/location-progress/works/ HTTP/1.0" 200 1461
[08/Jun/2026 11:09:15] "GET /api/item-progress/works/ HTTP/1.0" 200 1461
[08/Jun/2026 11:09:15] "GET /api/location-progress/works/ HTTP/1.0" 200 1461
[08/Jun/2026 11:09:16] "GET /api/item-progress/works/ HTTP/1.0" 200 1461
[08/Jun/2026 11:09:17] "GET /api/work-details/search/ HTTP/1.0" 200 624803
[08/Jun/2026 11:09:17] "GET /api/dashboard/trend/?period=monthly HTTP/1.0" 200 602
[08/Jun/2026 11:09:17] "GET /api/dashboard/ HTTP/1.0" 200 1603
[08/Jun/2026 11:09:18] "GET /api/notifications/ HTTP/1.0" 200 2067
[08/Jun/2026 11:09:19] "GET /api/work-details/search/ HTTP/1.0" 200 624803
[08/Jun/2026 11:09:19] "GET /api/item-progress/works/ HTTP/1.0" 200 1461
[08/Jun/2026 11:09:20] "GET /api/location-progress/works/ HTTP/1.0" 200 1461
[08/Jun/2026 11:09:21] "GET /api/auth/me/ HTTP/1.0" 200 253
[08/Jun/2026 11:09:21] "GET /api/work-details/search/ HTTP/1.0" 200 624803
[08/Jun/2026 11:09:21] "GET /api/site-register/ HTTP/1.0" 200 231699
[08/Jun/2026 11:09:23] "GET /api/mb-details/works/?q= HTTP/1.0" 200 4182
[08/Jun/2026 11:09:23] "GET /api/mb-details/records/ HTTP/1.0" 200 16201
[08/Jun/2026 11:09:23] "GET /api/mb-details/summary/ HTTP/1.0" 200 214
[08/Jun/2026 11:09:23] "GET /api/notifications/ HTTP/1.0" 200 2067
[08/Jun/2026 11:09:25] "GET /api/installation-cert/certificates/ HTTP/1.0" 200 2
[08/Jun/2026 11:09:25] "GET /api/installation-cert/loas/ HTTP/1.0" 200 3945
[08/Jun/2026 11:09:28] "GET /api/auth/my-works/ HTTP/1.0" 200 4035
[08/Jun/2026 11:09:28] "GET /api/auth/me/ HTTP/1.0" 200 253
[08/Jun/2026 11:09:29] "GET /api/site-register/parties/ HTTP/1.0" 200 3434
[08/Jun/2026 11:09:30] "GET /api/site-register/telegram/otp/ HTTP/1.0" 200 44
[08/Jun/2026 11:09:30] "GET /api/site-register/rly-linked-users/ HTTP/1.0" 200 2
[08/Jun/2026 11:09:30] "POST /api/site-register/rly-invite/ HTTP/1.0" 200 65
[08/Jun/2026 11:09:30] "GET /api/site-register/parties/ HTTP/1.0" 200 3434
[08/Jun/2026 11:09:31] "GET /api/auth/me/ HTTP/1.0" 200 253
[08/Jun/2026 11:09:31] "GET /api/auth/my-works/ HTTP/1.0" 200 4035
[08/Jun/2026 11:09:48] "GET /api/notifications/ HTTP/1.0" 200 2067
[08/Jun/2026 11:10:18] "GET /api/notifications/ HTTP/1.0" 200 2067
[08/Jun/2026 11:10:48] "GET /api/notifications/ HTTP/1.0" 200 2067
[08/Jun/2026 11:11:18] "GET /api/notifications/ HTTP/1.0" 200 2067
[08/Jun/2026 11:11:48] "GET /api/notifications/ HTTP/1.0" 200 2067
[08/Jun/2026 11:12:18] "GET /api/notifications/ HTTP/1.0" 200 2067
[08/Jun/2026 11:12:48] "GET /api/notifications/ HTTP/1.0" 200 2067
[08/Jun/2026 11:13:18] "GET /api/notifications/ HTTP/1.0" 200 2067
[08/Jun/2026 11:13:48] "GET /api/notifications/ HTTP/1.0" 200 2067
[08/Jun/2026 11:14:18] "GET /api/notifications/ HTTP/1.0" 200 2067
[08/Jun/2026 11:14:48] "GET /api/notifications/ HTTP/1.0" 200 2067
[08/Jun/2026 11:15:19] "GET /api/notifications/ HTTP/1.0" 200 2067
[08/Jun/2026 11:15:49] "GET /api/notifications/ HTTP/1.0" 200 2067
[08/Jun/2026 11:16:55] "GET /api/notifications/ HTTP/1.0" 200 2067
[08/Jun/2026 11:17:55] "GET /api/notifications/ HTTP/1.0" 200 2067
[08/Jun/2026 11:18:55] "GET /api/notifications/ HTTP/1.0" 200 2067
